déc. 17, 2020 4:59:48 PM org.apache.catalina.startup.VersionLoggerListener log
INFO: Nom version serveur :              Apache Tomcat/7.0.107
déc. 17, 2020 4:59:48 PM org.apache.catalina.startup.VersionLoggerListener log
INFO: Serveur compilé :                  Nov 18 2020 12:18:55 UTC
déc. 17, 2020 4:59:48 PM org.apache.catalina.startup.VersionLoggerListener log
INFO: Version du serveur :               7.0.107.0
déc. 17, 2020 4:59:48 PM org.apache.catalina.startup.VersionLoggerListener log
INFO: Nom de l'OS :                      Windows 10
déc. 17, 2020 4:59:48 PM org.apache.catalina.startup.VersionLoggerListener log
INFO: Version OS :                       10.0
déc. 17, 2020 4:59:49 PM org.apache.catalina.startup.VersionLoggerListener log
INFO: Architecture :                     amd64
déc. 17, 2020 4:59:49 PM org.apache.catalina.startup.VersionLoggerListener log
INFO: Java Home :                        C:\Program Files\Java\jdk-11.0.4
déc. 17, 2020 4:59:49 PM org.apache.catalina.startup.VersionLoggerListener log
INFO: Version JVM :                      11.0.4+10-LTS
déc. 17, 2020 4:59:49 PM org.apache.catalina.startup.VersionLoggerListener log
INFO: Fournisseur de la JVM :            Oracle Corporation
déc. 17, 2020 4:59:49 PM org.apache.catalina.startup.VersionLoggerListener log
INFO: CATALINA_BASE :                    C:\Users\Kenny\Projet-TestUnitaire\pizza-spring\apache-tomcat-7.0.107
déc. 17, 2020 4:59:49 PM org.apache.catalina.startup.VersionLoggerListener log
INFO: CATALINA_HOME :                    C:\Users\Kenny\Projet-TestUnitaire\pizza-spring\apache-tomcat-7.0.107
déc. 17, 2020 4:59:49 PM org.apache.catalina.startup.VersionLoggerListener log
INFO: Argument de la ligne de commande : --add-opens=java.base/java.lang=ALL-UNNAMED
déc. 17, 2020 4:59:49 PM org.apache.catalina.startup.VersionLoggerListener log
INFO: Argument de la ligne de commande : --add-opens=java.base/java.io=ALL-UNNAMED
déc. 17, 2020 4:59:49 PM org.apache.catalina.startup.VersionLoggerListener log
INFO: Argument de la ligne de commande : --add-opens=java.rmi/sun.rmi.transport=ALL-UNNAMED
déc. 17, 2020 4:59:49 PM org.apache.catalina.startup.VersionLoggerListener log
INFO: Argument de la ligne de commande : -Djava.util.logging.config.file=C:\Users\Kenny\Projet-TestUnitaire\pizza-spring\apache-tomcat-7.0.107\conf\logging.properties
déc. 17, 2020 4:59:49 PM org.apache.catalina.startup.VersionLoggerListener log
INFO: Argument de la ligne de commande : -Djava.util.logging.manager=org.apache.juli.ClassLoaderLogManager
déc. 17, 2020 4:59:49 PM org.apache.catalina.startup.VersionLoggerListener log
INFO: Argument de la ligne de commande : -Djdk.tls.ephemeralDHKeySize=2048
déc. 17, 2020 4:59:49 PM org.apache.catalina.startup.VersionLoggerListener log
INFO: Argument de la ligne de commande : -Dignore.endorsed.dirs=
déc. 17, 2020 4:59:49 PM org.apache.catalina.startup.VersionLoggerListener log
INFO: Argument de la ligne de commande : -Dcatalina.base=C:\Users\Kenny\Projet-TestUnitaire\pizza-spring\apache-tomcat-7.0.107
déc. 17, 2020 4:59:49 PM org.apache.catalina.startup.VersionLoggerListener log
INFO: Argument de la ligne de commande : -Dcatalina.home=C:\Users\Kenny\Projet-TestUnitaire\pizza-spring\apache-tomcat-7.0.107
déc. 17, 2020 4:59:49 PM org.apache.catalina.startup.VersionLoggerListener log
INFO: Argument de la ligne de commande : -Djava.io.tmpdir=C:\Users\Kenny\Projet-TestUnitaire\pizza-spring\apache-tomcat-7.0.107\temp
déc. 17, 2020 4:59:49 PM org.apache.catalina.core.AprLifecycleListener lifecycleEvent
INFO: Chargement de la librairie Apache Tomcat Native [1.2.25] en utilisant APR version [1.7.0]
déc. 17, 2020 4:59:49 PM org.apache.catalina.core.AprLifecycleListener lifecycleEvent
INFO: Fonctionnalités d'APR : IPv6 [true], sendfile [true], accept filters [false], random [true]
déc. 17, 2020 4:59:49 PM org.apache.catalina.core.AprLifecycleListener initializeSSL
INFO: OpenSSL a été initialisé avec succès [OpenSSL 1.1.1g  21 Apr 2020]
déc. 17, 2020 4:59:49 PM org.apache.coyote.AbstractProtocol init
INFO: Initialisation du gestionnaire de protocole ["http-apr-8080"]
déc. 17, 2020 4:59:50 PM org.apache.catalina.startup.Catalina load
INFO: Initialization processed in 5235 ms
déc. 17, 2020 4:59:50 PM org.apache.catalina.core.StandardService startInternal
INFO: Démarrage du service [Catalina]
déc. 17, 2020 4:59:50 PM org.apache.catalina.core.StandardEngine startInternal
INFO: Starting Servlet Engine: Apache Tomcat/7.0.107
déc. 17, 2020 4:59:50 PM org.apache.catalina.startup.HostConfig deployWAR
INFO: Déploiement de l'archive [C:\Users\Kenny\Projet-TestUnitaire\pizza-spring\apache-tomcat-7.0.107\webapps\jenkins.war] de l'application web
déc. 17, 2020 4:59:51 PM org.apache.catalina.deploy.WebXml setVersion
WARNING: Unknown version string [3.1]. Default version will be used.
déc. 17, 2020 4:59:58 PM org.apache.catalina.startup.ContextConfig validateSecurityRoles
WARNING: Le nom de rôle de sécurité [**] est utilisé dans un <auth-constraint> sans avoir été défini dans <security-role>
déc. 17, 2020 4:59:58 PM org.apache.catalina.startup.TldConfig execute
INFO: At least one JAR was scanned for TLDs yet contained no TLDs. Enable debug logging for this logger for a complete list of JARs that were scanned but no TLDs were found in them. Skipping unneeded JARs during scanning can improve startup time and JSP compilation time.
déc. 17, 2020 5:00:00 PM hudson.WebAppMain contextInitialized
INFO: Jenkins home directory: C:\Users\Kenny\.jenkins found at: $user.home/.jenkins
déc. 17, 2020 5:00:02 PM jenkins.InitReactorRunner$1 onAttained
INFO: Started initialization
déc. 17, 2020 5:00:02 PM org.apache.catalina.util.SessionIdGeneratorBase createSecureRandom
WARNING: La création de l'instance de SecureRandom pour le générateur d'id de session en utilisant [SHA1PRNG] a pris [679] millisecondes
déc. 17, 2020 5:00:03 PM org.apache.catalina.startup.HostConfig deployWAR
INFO: Le déploiement de l'archive de l'application web [C:\Users\Kenny\Projet-TestUnitaire\pizza-spring\apache-tomcat-7.0.107\webapps\jenkins.war] s'est terminé en [12 776] ms
déc. 17, 2020 5:00:03 PM org.apache.catalina.startup.HostConfig deployDirectory
INFO: Déploiement du répertoire d'application web [C:\Users\Kenny\Projet-TestUnitaire\pizza-spring\apache-tomcat-7.0.107\webapps\docs]
déc. 17, 2020 5:00:03 PM org.apache.catalina.startup.HostConfig deployDirectory
INFO: Le déploiement du répertoire [C:\Users\Kenny\Projet-TestUnitaire\pizza-spring\apache-tomcat-7.0.107\webapps\docs] de l'application web s'est terminé en [41] ms
déc. 17, 2020 5:00:03 PM org.apache.catalina.startup.HostConfig deployDirectory
INFO: Déploiement du répertoire d'application web [C:\Users\Kenny\Projet-TestUnitaire\pizza-spring\apache-tomcat-7.0.107\webapps\examples]
déc. 17, 2020 5:00:07 PM org.apache.catalina.startup.HostConfig deployDirectory
INFO: Le déploiement du répertoire [C:\Users\Kenny\Projet-TestUnitaire\pizza-spring\apache-tomcat-7.0.107\webapps\examples] de l'application web s'est terminé en [3 770] ms
déc. 17, 2020 5:00:07 PM org.apache.catalina.startup.HostConfig deployDirectory
INFO: Déploiement du répertoire d'application web [C:\Users\Kenny\Projet-TestUnitaire\pizza-spring\apache-tomcat-7.0.107\webapps\host-manager]
déc. 17, 2020 5:00:07 PM org.apache.catalina.startup.HostConfig deployDirectory
INFO: Le déploiement du répertoire [C:\Users\Kenny\Projet-TestUnitaire\pizza-spring\apache-tomcat-7.0.107\webapps\host-manager] de l'application web s'est terminé en [149] ms
déc. 17, 2020 5:00:07 PM org.apache.catalina.startup.HostConfig deployDirectory
INFO: Déploiement du répertoire d'application web [C:\Users\Kenny\Projet-TestUnitaire\pizza-spring\apache-tomcat-7.0.107\webapps\manager]
déc. 17, 2020 5:00:07 PM org.apache.catalina.startup.HostConfig deployDirectory
INFO: Le déploiement du répertoire [C:\Users\Kenny\Projet-TestUnitaire\pizza-spring\apache-tomcat-7.0.107\webapps\manager] de l'application web s'est terminé en [55] ms
déc. 17, 2020 5:00:07 PM org.apache.catalina.startup.HostConfig deployDirectory
INFO: Déploiement du répertoire d'application web [C:\Users\Kenny\Projet-TestUnitaire\pizza-spring\apache-tomcat-7.0.107\webapps\ROOT]
déc. 17, 2020 5:00:07 PM org.apache.catalina.startup.HostConfig deployDirectory
INFO: Le déploiement du répertoire [C:\Users\Kenny\Projet-TestUnitaire\pizza-spring\apache-tomcat-7.0.107\webapps\ROOT] de l'application web s'est terminé en [59] ms
déc. 17, 2020 5:00:07 PM org.apache.coyote.AbstractProtocol start
INFO: Démarrage du gestionnaire de protocole ["http-apr-8080"]
déc. 17, 2020 5:00:07 PM org.apache.catalina.startup.Catalina start
INFO: Server startup in 17540 ms
déc. 17, 2020 5:00:07 PM org.apache.catalina.core.StandardServer await
SEVERE: StandardServer.await: create[localhost:8005]: 
java.net.BindException: Address already in use: NET_Bind
	at java.base/java.net.PlainSocketImpl.bind0(Native Method)
	at java.base/java.net.PlainSocketImpl.socketBind(PlainSocketImpl.java:132)
	at java.base/java.net.AbstractPlainSocketImpl.bind(AbstractPlainSocketImpl.java:436)
	at java.base/java.net.ServerSocket.bind(ServerSocket.java:381)
	at java.base/java.net.ServerSocket.<init>(ServerSocket.java:243)
	at org.apache.catalina.core.StandardServer.await(StandardServer.java:428)
	at org.apache.catalina.startup.Catalina.await(Catalina.java:800)
	at org.apache.catalina.startup.Catalina.start(Catalina.java:746)
	at java.base/jdk.internal.reflect.NativeMethodAccessorImpl.invoke0(Native Method)
	at java.base/jdk.internal.reflect.NativeMethodAccessorImpl.invoke(NativeMethodAccessorImpl.java:62)
	at java.base/jdk.internal.reflect.DelegatingMethodAccessorImpl.invoke(DelegatingMethodAccessorImpl.java:43)
	at java.base/java.lang.reflect.Method.invoke(Method.java:566)
	at org.apache.catalina.startup.Bootstrap.start(Bootstrap.java:284)
	at org.apache.catalina.startup.Bootstrap.main(Bootstrap.java:415)

déc. 17, 2020 5:00:07 PM org.apache.coyote.AbstractProtocol pause
INFO: Le gestionnaire de protocole ["http-apr-8080"] est mis en pause
déc. 17, 2020 5:00:07 PM org.apache.catalina.core.StandardService stopInternal
INFO: Arrêt du service [Catalina]
déc. 17, 2020 5:00:08 PM jenkins.model.Jenkins cleanUp
INFO: Stopping Jenkins
déc. 17, 2020 5:00:08 PM jenkins.model.Jenkins$18 onAttained
INFO: Started termination
déc. 17, 2020 5:00:08 PM jenkins.model.Jenkins$18 onTaskFailed
SEVERE: Failed IOHubProvider.cleanUp
java.lang.IllegalArgumentException: Unable to inject class jenkins.slaves.IOHubProvider
	at hudson.init.TaskMethodFinder.lookUp(TaskMethodFinder.java:125)
	at hudson.init.TaskMethodFinder.invoke(TaskMethodFinder.java:105)
	at hudson.init.TaskMethodFinder$TaskImpl.run(TaskMethodFinder.java:175)
	at org.jvnet.hudson.reactor.Reactor.runTask(Reactor.java:296)
	at org.jvnet.hudson.reactor.Reactor$2.run(Reactor.java:214)
	at org.jvnet.hudson.reactor.Reactor$Node.run(Reactor.java:117)
	at jenkins.model.Jenkins$17.execute(Jenkins.java:3505)
	at org.jvnet.hudson.reactor.Reactor$Node.runIfPossible(Reactor.java:139)
	at org.jvnet.hudson.reactor.Reactor$Node.run(Reactor.java:128)
	at jenkins.model.Jenkins$17.execute(Jenkins.java:3505)
	at org.jvnet.hudson.reactor.Reactor$Node.runIfPossible(Reactor.java:139)
	at org.jvnet.hudson.reactor.Reactor.execute(Reactor.java:276)
	at jenkins.model.Jenkins._cleanUpRunTerminators(Jenkins.java:3502)
	at jenkins.model.Jenkins.cleanUp(Jenkins.java:3427)
	at hudson.WebAppMain.contextDestroyed(WebAppMain.java:441)
	at org.apache.catalina.core.StandardContext.listenerStop(StandardContext.java:5174)
	at org.apache.catalina.core.StandardContext.stopInternal(StandardContext.java:5865)
	at org.apache.catalina.util.LifecycleBase.stop(LifecycleBase.java:257)
	at org.apache.catalina.core.ContainerBase$StopChild.call(ContainerBase.java:1705)
	at org.apache.catalina.core.ContainerBase$StopChild.call(ContainerBase.java:1694)
	at java.base/java.util.concurrent.FutureTask.run(FutureTask.java:264)
	at java.base/java.util.concurrent.ThreadPoolExecutor.runWorker(ThreadPoolExecutor.java:1128)
	at java.base/java.util.concurrent.ThreadPoolExecutor$Worker.run(ThreadPoolExecutor.java:628)
	at java.base/java.lang.Thread.run(Thread.java:834)

déc. 17, 2020 5:00:08 PM jenkins.model.Jenkins$18 onTaskFailed
SEVERE: Failed NioChannelSelector.cleanUp
java.lang.IllegalArgumentException: Unable to inject class jenkins.slaves.NioChannelSelector
	at hudson.init.TaskMethodFinder.lookUp(TaskMethodFinder.java:125)
	at hudson.init.TaskMethodFinder.invoke(TaskMethodFinder.java:105)
	at hudson.init.TaskMethodFinder$TaskImpl.run(TaskMethodFinder.java:175)
	at org.jvnet.hudson.reactor.Reactor.runTask(Reactor.java:296)
	at org.jvnet.hudson.reactor.Reactor$2.run(Reactor.java:214)
	at org.jvnet.hudson.reactor.Reactor$Node.run(Reactor.java:117)
	at jenkins.model.Jenkins$17.execute(Jenkins.java:3505)
	at org.jvnet.hudson.reactor.Reactor$Node.runIfPossible(Reactor.java:139)
	at org.jvnet.hudson.reactor.Reactor$Node.run(Reactor.java:128)
	at jenkins.model.Jenkins$17.execute(Jenkins.java:3505)
	at org.jvnet.hudson.reactor.Reactor$Node.runIfPossible(Reactor.java:139)
	at org.jvnet.hudson.reactor.Reactor.execute(Reactor.java:276)
	at jenkins.model.Jenkins._cleanUpRunTerminators(Jenkins.java:3502)
	at jenkins.model.Jenkins.cleanUp(Jenkins.java:3427)
	at hudson.WebAppMain.contextDestroyed(WebAppMain.java:441)
	at org.apache.catalina.core.StandardContext.listenerStop(StandardContext.java:5174)
	at org.apache.catalina.core.StandardContext.stopInternal(StandardContext.java:5865)
	at org.apache.catalina.util.LifecycleBase.stop(LifecycleBase.java:257)
	at org.apache.catalina.core.ContainerBase$StopChild.call(ContainerBase.java:1705)
	at org.apache.catalina.core.ContainerBase$StopChild.call(ContainerBase.java:1694)
	at java.base/java.util.concurrent.FutureTask.run(FutureTask.java:264)
	at java.base/java.util.concurrent.ThreadPoolExecutor.runWorker(ThreadPoolExecutor.java:1128)
	at java.base/java.util.concurrent.ThreadPoolExecutor$Worker.run(ThreadPoolExecutor.java:628)
	at java.base/java.lang.Thread.run(Thread.java:834)

déc. 17, 2020 5:00:08 PM jenkins.model.Jenkins$18 onAttained
INFO: Completed termination
déc. 17, 2020 5:00:08 PM jenkins.model.Jenkins _cleanUpDisconnectComputers
INFO: Starting node disconnection
déc. 17, 2020 5:00:08 PM jenkins.model.Jenkins _cleanUpShutdownPluginManager
INFO: Stopping plugin manager
déc. 17, 2020 5:00:08 PM jenkins.model.Jenkins _cleanUpPersistQueue
INFO: Persisting build queue
déc. 17, 2020 5:00:08 PM jenkins.model.Jenkins cleanUp
INFO: Jenkins stopped
déc. 17, 2020 5:00:08 PM hudson.WebAppMain contextDestroyed
INFO: Shutting down a Jenkins instance that was still starting up
java.lang.Throwable: reason
	at hudson.WebAppMain.contextDestroyed(WebAppMain.java:450)
	at org.apache.catalina.core.StandardContext.listenerStop(StandardContext.java:5174)
	at org.apache.catalina.core.StandardContext.stopInternal(StandardContext.java:5865)
	at org.apache.catalina.util.LifecycleBase.stop(LifecycleBase.java:257)
	at org.apache.catalina.core.ContainerBase$StopChild.call(ContainerBase.java:1705)
	at org.apache.catalina.core.ContainerBase$StopChild.call(ContainerBase.java:1694)
	at java.base/java.util.concurrent.FutureTask.run(FutureTask.java:264)
	at java.base/java.util.concurrent.ThreadPoolExecutor.runWorker(ThreadPoolExecutor.java:1128)
	at java.base/java.util.concurrent.ThreadPoolExecutor$Worker.run(ThreadPoolExecutor.java:628)
	at java.base/java.lang.Thread.run(Thread.java:834)

déc. 17, 2020 5:00:08 PM hudson.util.BootFailure publish
SEVERE: Failed to initialize Jenkins
hudson.util.HudsonFailedToLoad: java.lang.InterruptedException
	at hudson.WebAppMain$3.run(WebAppMain.java:312)
Caused by: java.lang.InterruptedException
	at java.base/java.lang.Object.wait(Native Method)
	at java.base/java.lang.Object.wait(Object.java:328)
	at org.jvnet.hudson.reactor.Reactor.execute(Reactor.java:280)
	at jenkins.InitReactorRunner.run(InitReactorRunner.java:50)
	at jenkins.model.Jenkins.executeReactor(Jenkins.java:1162)
	at jenkins.model.Jenkins.<init>(Jenkins.java:962)
	at hudson.model.Hudson.<init>(Hudson.java:85)
	at hudson.model.Hudson.<init>(Hudson.java:81)
	at hudson.WebAppMain$3.run(WebAppMain.java:295)

déc. 17, 2020 5:00:08 PM org.apache.catalina.loader.WebappClassLoaderBase checkThreadLocalMapForLeaks
SEVERE: L'application web [/jenkins] a crée un ThreadLocal avec une clé de type [java.lang.ThreadLocal] (valeur [java.lang.ThreadLocal@dfa7469]) et une valeur de type [org.springframework.security.core.context.SecurityContextImpl] (valeur [SecurityContextImpl [Null authentication]]) mais ne l'a pas supprimé lorsqu'elle a été arrêtée, les threads seront graduellement renouvelés pour éviter une probable fuite de mémoire
déc. 17, 2020 5:00:08 PM org.apache.catalina.loader.WebappClassLoaderBase checkThreadLocalMapForLeaks
SEVERE: L'application web [/jenkins] a crée un ThreadLocal avec une clé de type [java.lang.ThreadLocal] (valeur [java.lang.ThreadLocal@dfa7469]) et une valeur de type [org.springframework.security.core.context.SecurityContextImpl] (valeur [SecurityContextImpl [Null authentication]]) mais ne l'a pas supprimé lorsqu'elle a été arrêtée, les threads seront graduellement renouvelés pour éviter une probable fuite de mémoire
déc. 17, 2020 5:00:08 PM org.apache.catalina.loader.WebappClassLoaderBase checkThreadLocalMapForLeaks
SEVERE: L'application web [/jenkins] a crée un ThreadLocal avec une clé de type [java.lang.ThreadLocal] (valeur [java.lang.ThreadLocal@dfa7469]) et une valeur de type [jenkins.security.NonSerializableSecurityContext] (valeur [jenkins.security.NonSerializableSecurityContext@1f: Authentication: UsernamePasswordAuthenticationToken [Principal=SYSTEM, Credentials=[PROTECTED], Authenticated=false, Details=null, Granted Authorities=[]]]) mais ne l'a pas supprimé lorsqu'elle a été arrêtée, les threads seront graduellement renouvelés pour éviter une probable fuite de mémoire
déc. 17, 2020 5:00:08 PM org.apache.catalina.loader.WebappClassLoaderBase loadClass
INFO: Impossible de charger [groovy.lang.MissingPropertyException], ce chargeur de classes a déjà été arrêté
java.lang.IllegalStateException
	at org.apache.catalina.loader.WebappClassLoaderBase.loadClass(WebappClassLoaderBase.java:1836)
	at org.apache.catalina.loader.WebappClassLoaderBase.loadClass(WebappClassLoaderBase.java:1795)
	at jenkins.util.groovy.GroovyHookScript.<init>(GroovyHookScript.java:42)
	at hudson.util.BootFailure.publish(BootFailure.java:46)
	at hudson.WebAppMain$3.run(WebAppMain.java:312)

déc. 17, 2020 5:00:08 PM hudson.init.impl.InstallUncaughtExceptionHandler$DefaultUncaughtExceptionHandler uncaughtException
SEVERE: A thread (Jenkins initialization thread/18) died unexpectedly due to an uncaught exception, this may leave your Jenkins in a bad way and is usually indicative of a bug in the code.
java.lang.NoClassDefFoundError: groovy/lang/MissingPropertyException
	at jenkins.util.groovy.GroovyHookScript.<init>(GroovyHookScript.java:42)
	at hudson.util.BootFailure.publish(BootFailure.java:46)
	at hudson.WebAppMain$3.run(WebAppMain.java:312)
Caused by: java.lang.ClassNotFoundException: groovy.lang.MissingPropertyException
	at org.apache.catalina.loader.WebappClassLoaderBase.loadClass(WebappClassLoaderBase.java:1951)
	at org.apache.catalina.loader.WebappClassLoaderBase.loadClass(WebappClassLoaderBase.java:1795)
	... 3 more

déc. 17, 2020 5:00:08 PM org.apache.coyote.AbstractProtocol stop
INFO: Arrêt du gestionnaire de protocole ["http-apr-8080"]
déc. 17, 2020 5:00:08 PM org.apache.coyote.AbstractProtocol destroy
INFO: Destruction du gestionnaire de protocole ["http-apr-8080"]
déc. 17, 2020 5:38:29 PM org.apache.catalina.startup.VersionLoggerListener log
INFO: Nom version serveur :              Apache Tomcat/7.0.107
déc. 17, 2020 5:38:29 PM org.apache.catalina.startup.VersionLoggerListener log
INFO: Serveur compilé :                  Nov 18 2020 12:18:55 UTC
déc. 17, 2020 5:38:29 PM org.apache.catalina.startup.VersionLoggerListener log
INFO: Version du serveur :               7.0.107.0
déc. 17, 2020 5:38:29 PM org.apache.catalina.startup.VersionLoggerListener log
INFO: Nom de l'OS :                      Windows 10
déc. 17, 2020 5:38:29 PM org.apache.catalina.startup.VersionLoggerListener log
INFO: Version OS :                       10.0
déc. 17, 2020 5:38:29 PM org.apache.catalina.startup.VersionLoggerListener log
INFO: Architecture :                     amd64
déc. 17, 2020 5:38:29 PM org.apache.catalina.startup.VersionLoggerListener log
INFO: Java Home :                        C:\Program Files\Java\jdk-11.0.4
déc. 17, 2020 5:38:29 PM org.apache.catalina.startup.VersionLoggerListener log
INFO: Version JVM :                      11.0.4+10-LTS
déc. 17, 2020 5:38:29 PM org.apache.catalina.startup.VersionLoggerListener log
INFO: Fournisseur de la JVM :            Oracle Corporation
déc. 17, 2020 5:38:29 PM org.apache.catalina.startup.VersionLoggerListener log
INFO: CATALINA_BASE :                    C:\Users\Kenny\Projet-TestUnitaire\pizza-spring\apache-tomcat-7.0.107
déc. 17, 2020 5:38:29 PM org.apache.catalina.startup.VersionLoggerListener log
INFO: CATALINA_HOME :                    C:\Users\Kenny\Projet-TestUnitaire\pizza-spring\apache-tomcat-7.0.107
déc. 17, 2020 5:38:29 PM org.apache.catalina.startup.VersionLoggerListener log
INFO: Argument de la ligne de commande : --add-opens=java.base/java.lang=ALL-UNNAMED
déc. 17, 2020 5:38:29 PM org.apache.catalina.startup.VersionLoggerListener log
INFO: Argument de la ligne de commande : --add-opens=java.base/java.io=ALL-UNNAMED
déc. 17, 2020 5:38:29 PM org.apache.catalina.startup.VersionLoggerListener log
INFO: Argument de la ligne de commande : --add-opens=java.rmi/sun.rmi.transport=ALL-UNNAMED
déc. 17, 2020 5:38:29 PM org.apache.catalina.startup.VersionLoggerListener log
INFO: Argument de la ligne de commande : -Djava.util.logging.config.file=C:\Users\Kenny\Projet-TestUnitaire\pizza-spring\apache-tomcat-7.0.107\conf\logging.properties
déc. 17, 2020 5:38:29 PM org.apache.catalina.startup.VersionLoggerListener log
INFO: Argument de la ligne de commande : -Djava.util.logging.manager=org.apache.juli.ClassLoaderLogManager
déc. 17, 2020 5:38:29 PM org.apache.catalina.startup.VersionLoggerListener log
INFO: Argument de la ligne de commande : -Djdk.tls.ephemeralDHKeySize=2048
déc. 17, 2020 5:38:29 PM org.apache.catalina.startup.VersionLoggerListener log
INFO: Argument de la ligne de commande : -Dignore.endorsed.dirs=
déc. 17, 2020 5:38:29 PM org.apache.catalina.startup.VersionLoggerListener log
INFO: Argument de la ligne de commande : -Dcatalina.base=C:\Users\Kenny\Projet-TestUnitaire\pizza-spring\apache-tomcat-7.0.107
déc. 17, 2020 5:38:29 PM org.apache.catalina.startup.VersionLoggerListener log
INFO: Argument de la ligne de commande : -Dcatalina.home=C:\Users\Kenny\Projet-TestUnitaire\pizza-spring\apache-tomcat-7.0.107
déc. 17, 2020 5:38:29 PM org.apache.catalina.startup.VersionLoggerListener log
INFO: Argument de la ligne de commande : -Djava.io.tmpdir=C:\Users\Kenny\Projet-TestUnitaire\pizza-spring\apache-tomcat-7.0.107\temp
déc. 17, 2020 5:38:29 PM org.apache.catalina.core.AprLifecycleListener lifecycleEvent
INFO: Chargement de la librairie Apache Tomcat Native [1.2.25] en utilisant APR version [1.7.0]
déc. 17, 2020 5:38:29 PM org.apache.catalina.core.AprLifecycleListener lifecycleEvent
INFO: Fonctionnalités d'APR : IPv6 [true], sendfile [true], accept filters [false], random [true]
déc. 17, 2020 5:38:29 PM org.apache.catalina.core.AprLifecycleListener initializeSSL
INFO: OpenSSL a été initialisé avec succès [OpenSSL 1.1.1g  21 Apr 2020]
déc. 17, 2020 5:38:29 PM org.apache.coyote.AbstractProtocol init
INFO: Initialisation du gestionnaire de protocole ["http-apr-8080"]
déc. 17, 2020 5:38:29 PM org.apache.catalina.startup.Catalina load
INFO: Initialization processed in 3162 ms
déc. 17, 2020 5:38:30 PM org.apache.catalina.core.StandardService startInternal
INFO: Démarrage du service [Catalina]
déc. 17, 2020 5:38:30 PM org.apache.catalina.core.StandardEngine startInternal
INFO: Starting Servlet Engine: Apache Tomcat/7.0.107
déc. 17, 2020 5:38:30 PM org.apache.catalina.startup.HostConfig deployWAR
INFO: Déploiement de l'archive [C:\Users\Kenny\Projet-TestUnitaire\pizza-spring\apache-tomcat-7.0.107\webapps\jenkins.war] de l'application web
déc. 17, 2020 6:02:25 PM org.apache.catalina.startup.VersionLoggerListener log
INFO: Nom version serveur :              Apache Tomcat/7.0.107
déc. 17, 2020 6:02:25 PM org.apache.catalina.startup.VersionLoggerListener log
INFO: Serveur compilé :                  Nov 18 2020 12:18:55 UTC
déc. 17, 2020 6:02:25 PM org.apache.catalina.startup.VersionLoggerListener log
INFO: Version du serveur :               7.0.107.0
déc. 17, 2020 6:02:25 PM org.apache.catalina.startup.VersionLoggerListener log
INFO: Nom de l'OS :                      Windows 10
déc. 17, 2020 6:02:25 PM org.apache.catalina.startup.VersionLoggerListener log
INFO: Version OS :                       10.0
déc. 17, 2020 6:02:25 PM org.apache.catalina.startup.VersionLoggerListener log
INFO: Architecture :                     amd64
déc. 17, 2020 6:02:25 PM org.apache.catalina.startup.VersionLoggerListener log
INFO: Java Home :                        C:\Program Files\Java\jdk-11.0.4
déc. 17, 2020 6:02:25 PM org.apache.catalina.startup.VersionLoggerListener log
INFO: Version JVM :                      11.0.4+10-LTS
déc. 17, 2020 6:02:25 PM org.apache.catalina.startup.VersionLoggerListener log
INFO: Fournisseur de la JVM :            Oracle Corporation
déc. 17, 2020 6:02:25 PM org.apache.catalina.startup.VersionLoggerListener log
INFO: CATALINA_BASE :                    C:\Users\Kenny\Projet-TestUnitaire\pizza-spring\apache-tomcat-7.0.107
déc. 17, 2020 6:02:25 PM org.apache.catalina.startup.VersionLoggerListener log
INFO: CATALINA_HOME :                    C:\Users\Kenny\Projet-TestUnitaire\pizza-spring\apache-tomcat-7.0.107
déc. 17, 2020 6:02:25 PM org.apache.catalina.startup.VersionLoggerListener log
INFO: Argument de la ligne de commande : --add-opens=java.base/java.lang=ALL-UNNAMED
déc. 17, 2020 6:02:25 PM org.apache.catalina.startup.VersionLoggerListener log
INFO: Argument de la ligne de commande : --add-opens=java.base/java.io=ALL-UNNAMED
déc. 17, 2020 6:02:25 PM org.apache.catalina.startup.VersionLoggerListener log
INFO: Argument de la ligne de commande : --add-opens=java.rmi/sun.rmi.transport=ALL-UNNAMED
déc. 17, 2020 6:02:25 PM org.apache.catalina.startup.VersionLoggerListener log
INFO: Argument de la ligne de commande : -Djava.util.logging.config.file=C:\Users\Kenny\Projet-TestUnitaire\pizza-spring\apache-tomcat-7.0.107\conf\logging.properties
déc. 17, 2020 6:02:25 PM org.apache.catalina.startup.VersionLoggerListener log
INFO: Argument de la ligne de commande : -Djava.util.logging.manager=org.apache.juli.ClassLoaderLogManager
déc. 17, 2020 6:02:25 PM org.apache.catalina.startup.VersionLoggerListener log
INFO: Argument de la ligne de commande : -Djdk.tls.ephemeralDHKeySize=2048
déc. 17, 2020 6:02:25 PM org.apache.catalina.startup.VersionLoggerListener log
INFO: Argument de la ligne de commande : -Dignore.endorsed.dirs=
déc. 17, 2020 6:02:25 PM org.apache.catalina.startup.VersionLoggerListener log
INFO: Argument de la ligne de commande : -Dcatalina.base=C:\Users\Kenny\Projet-TestUnitaire\pizza-spring\apache-tomcat-7.0.107
déc. 17, 2020 6:02:25 PM org.apache.catalina.startup.VersionLoggerListener log
INFO: Argument de la ligne de commande : -Dcatalina.home=C:\Users\Kenny\Projet-TestUnitaire\pizza-spring\apache-tomcat-7.0.107
déc. 17, 2020 6:02:25 PM org.apache.catalina.startup.VersionLoggerListener log
INFO: Argument de la ligne de commande : -Djava.io.tmpdir=C:\Users\Kenny\Projet-TestUnitaire\pizza-spring\apache-tomcat-7.0.107\temp
déc. 17, 2020 6:02:25 PM org.apache.catalina.core.AprLifecycleListener lifecycleEvent
INFO: La librairie Apache Tomcat Native basée sur APR qui permet des performances optimales dans les environnements de production n'a pas été trouvée sur le java.library.path : [C:\Program Files\Java\jdk-11.0.4\bin;C:\WINDOWS\Sun\Java\bin;C:\WINDOWS\system32;C:\WINDOWS;C:\oraclexe\app\oracle\product\11.2.0\server\bin;;C:\oraclexe\app\oracle\product\11.2.0\server\bin;C:\Program Files (x86)\Common Files\Oracle\Java\javapath;C:\ProgramData\Oracle\Java\javapath;C:\Program Files (x86)\Intel\iCLS Client\;C:\Program Files\Intel\iCLS Client\;C:\Windows\system32;C:\Windows;C:\Windows\System32\Wbem;C:\Windows\System32\WindowsPowerShell\v1.0\;C:\Program Files (x86)\Intel\Intel(R) Management Engine Components\DAL;C:\Program Files\Intel\Intel(R) Management Engine Components\DAL;C:\Program Files (x86)\Intel\Intel(R) Management Engine Components\IPT;C:\Program Files\Intel\Intel(R) Management Engine Components\IPT;C:\Program Files (x86)\NVIDIA Corporation\PhysX\Common;C:\WINDOWS\system32;C:\WINDOWS;C:\WINDOWS\System32\WindowsPowerShell\v1.0\;C:\Program Files\Microsoft SQL Server\Client SDK\ODBC\110\Tools\Binn\;C:\Program Files (x86)\Microsoft SQL Server\120\Tools\Binn\;C:\Program Files\Microsoft SQL Server\120\Tools\Binn\;C:\Program Files\Microsoft SQL Server\120\DTS\Binn\;C:\Program Files (x86)\Microsoft SQL Server\120\Tools\Binn\ManagementStudio\;C:\Program Files (x86)\Microsoft SQL Server\120\DTS\Binn\;C:\Program Files (x86)\GtkSharp\2.12\bin;C:\Program Files\Intel\WiFi\bin\;C:\Program Files\Common Files\Intel\WirelessCommon\;C:\Program Files\PuTTY\;C:\Program Files\Microsoft SQL Server\Client SDK\ODBC\130\Tools\Binn\;C:\Program Files (x86)\Microsoft SQL Server\130\Tools\Binn\;C:\Program Files\Microsoft SQL Server\130\Tools\Binn\;C:\Program Files\Microsoft SQL Server\130\DTS\Binn\;C:\Program Files\dotnet\;C:\wamp64\bin\php\;C:\wamp64\bin\php\php7.2.18;C:\Program Files\Git\cmd;C:\WINDOWS\System32\OpenSSH\;C:\Program Files\NVIDIA Corporation\NVIDIA NvDLISR;C:\WINDOWS\system32;C:\WINDOWS;C:\WINDOWS\System32\Wbem;C:\WINDOWS\System32\WindowsPowerShell\v1.0\;C:\WINDOWS\System32\OpenSSH\;C:\Program Files\Microsoft SQL Server\Client SDK\ODBC\170\Tools\Binn\;C:\composer;C:\Program Files\OpenSSL-Win64\bin;C:\Program Files\nodejs\;C:\Program Files (x86)\apache-maven-3.6.3\bin;C:\apache-maven-3.6.3\bin;C:\ProgramData\Oracle\Java\javapath;C:\webdriver;C:\Program Files\LLVM\bin;C:\Users\Kenny\AppData\Local\Microsoft\WindowsApps;C:\Users\Kenny\AppData\Roaming\Composer\vendor\bin;C:\Users\Kenny\AppData\Local\GitHubDesktop\bin;C:\Users\Kenny\AppData\Roaming\npm;C:\Program Files\Docker Toolbox;C:\Users\Kenny\AppData\Local\atom\bin;.]
déc. 17, 2020 6:02:26 PM org.apache.coyote.AbstractProtocol init
INFO: Initialisation du gestionnaire de protocole ["http-bio-8080"]
déc. 17, 2020 6:02:26 PM org.apache.catalina.startup.Catalina load
INFO: Initialization processed in 2765 ms
déc. 17, 2020 6:02:26 PM org.apache.catalina.core.StandardService startInternal
INFO: Démarrage du service [Catalina]
déc. 17, 2020 6:02:26 PM org.apache.catalina.core.StandardEngine startInternal
INFO: Starting Servlet Engine: Apache Tomcat/7.0.107
déc. 17, 2020 6:02:26 PM org.apache.catalina.startup.HostConfig deployWAR
INFO: Déploiement de l'archive [C:\Users\Kenny\Projet-TestUnitaire\pizza-spring\apache-tomcat-7.0.107\webapps\jenkins.war] de l'application web
déc. 17, 2020 6:02:30 PM org.apache.catalina.deploy.WebXml setVersion
WARNING: Unknown version string [3.1]. Default version will be used.
déc. 17, 2020 6:02:42 PM org.apache.catalina.startup.ContextConfig validateSecurityRoles
WARNING: Le nom de rôle de sécurité [**] est utilisé dans un <auth-constraint> sans avoir été défini dans <security-role>
déc. 17, 2020 6:02:42 PM org.apache.catalina.startup.TldConfig execute
INFO: At least one JAR was scanned for TLDs yet contained no TLDs. Enable debug logging for this logger for a complete list of JARs that were scanned but no TLDs were found in them. Skipping unneeded JARs during scanning can improve startup time and JSP compilation time.
déc. 17, 2020 6:02:44 PM hudson.WebAppMain contextInitialized
INFO: Jenkins home directory: C:\Users\Kenny\.jenkins found at: $user.home/.jenkins
déc. 17, 2020 6:02:51 PM org.apache.catalina.util.SessionIdGeneratorBase createSecureRandom
WARNING: La création de l'instance de SecureRandom pour le générateur d'id de session en utilisant [SHA1PRNG] a pris [666] millisecondes
déc. 17, 2020 6:02:51 PM jenkins.InitReactorRunner$1 onAttained
INFO: Started initialization
déc. 17, 2020 6:02:51 PM org.apache.catalina.startup.HostConfig deployWAR
INFO: Le déploiement de l'archive de l'application web [C:\Users\Kenny\Projet-TestUnitaire\pizza-spring\apache-tomcat-7.0.107\webapps\jenkins.war] s'est terminé en [24 936] ms
déc. 17, 2020 6:02:51 PM org.apache.catalina.startup.HostConfig deployDirectory
INFO: Déploiement du répertoire d'application web [C:\Users\Kenny\Projet-TestUnitaire\pizza-spring\apache-tomcat-7.0.107\webapps\docs]
déc. 17, 2020 6:02:51 PM org.apache.catalina.startup.HostConfig deployDirectory
INFO: Le déploiement du répertoire [C:\Users\Kenny\Projet-TestUnitaire\pizza-spring\apache-tomcat-7.0.107\webapps\docs] de l'application web s'est terminé en [139] ms
déc. 17, 2020 6:02:51 PM org.apache.catalina.startup.HostConfig deployDirectory
INFO: Déploiement du répertoire d'application web [C:\Users\Kenny\Projet-TestUnitaire\pizza-spring\apache-tomcat-7.0.107\webapps\examples]
déc. 17, 2020 6:02:55 PM org.apache.catalina.startup.HostConfig deployDirectory
INFO: Le déploiement du répertoire [C:\Users\Kenny\Projet-TestUnitaire\pizza-spring\apache-tomcat-7.0.107\webapps\examples] de l'application web s'est terminé en [3 340] ms
déc. 17, 2020 6:02:55 PM org.apache.catalina.startup.HostConfig deployDirectory
INFO: Déploiement du répertoire d'application web [C:\Users\Kenny\Projet-TestUnitaire\pizza-spring\apache-tomcat-7.0.107\webapps\host-manager]
déc. 17, 2020 6:02:55 PM org.apache.catalina.startup.HostConfig deployDirectory
INFO: Le déploiement du répertoire [C:\Users\Kenny\Projet-TestUnitaire\pizza-spring\apache-tomcat-7.0.107\webapps\host-manager] de l'application web s'est terminé en [204] ms
déc. 17, 2020 6:02:55 PM org.apache.catalina.startup.HostConfig deployDirectory
INFO: Déploiement du répertoire d'application web [C:\Users\Kenny\Projet-TestUnitaire\pizza-spring\apache-tomcat-7.0.107\webapps\manager]
déc. 17, 2020 6:02:55 PM org.apache.catalina.startup.HostConfig deployDirectory
INFO: Le déploiement du répertoire [C:\Users\Kenny\Projet-TestUnitaire\pizza-spring\apache-tomcat-7.0.107\webapps\manager] de l'application web s'est terminé en [204] ms
déc. 17, 2020 6:02:55 PM org.apache.catalina.startup.HostConfig deployDirectory
INFO: Déploiement du répertoire d'application web [C:\Users\Kenny\Projet-TestUnitaire\pizza-spring\apache-tomcat-7.0.107\webapps\ROOT]
déc. 17, 2020 6:02:55 PM org.apache.catalina.startup.HostConfig deployDirectory
INFO: Le déploiement du répertoire [C:\Users\Kenny\Projet-TestUnitaire\pizza-spring\apache-tomcat-7.0.107\webapps\ROOT] de l'application web s'est terminé en [145] ms
déc. 17, 2020 6:02:55 PM org.apache.coyote.AbstractProtocol start
INFO: Démarrage du gestionnaire de protocole ["http-bio-8080"]
déc. 17, 2020 6:02:55 PM org.apache.catalina.startup.Catalina start
INFO: Server startup in 29489 ms
déc. 17, 2020 6:03:12 PM jenkins.InitReactorRunner$1 onAttained
INFO: Listed all plugins
déc. 17, 2020 6:03:18 PM hudson.ExtensionFinder$Sezpoz scout
WARNING: Failed to scout hudson.security.LDAPSecurityRealm$DescriptorImpl
java.lang.NoClassDefFoundError: org/acegisecurity/ldap/LdapDataAccessException
	at java.base/java.lang.Class.forName0(Native Method)
	at java.base/java.lang.Class.forName(Class.java:398)
	at hudson.ExtensionFinder$Sezpoz.scout(ExtensionFinder.java:733)
	at hudson.ClassicPluginStrategy.findComponents(ClassicPluginStrategy.java:340)
	at hudson.ExtensionList.load(ExtensionList.java:381)
	at hudson.ExtensionList.ensureLoaded(ExtensionList.java:317)
	at hudson.ExtensionList.getComponents(ExtensionList.java:183)
	at jenkins.model.Jenkins$6.onInitMilestoneAttained(Jenkins.java:1159)
	at jenkins.InitReactorRunner$1.onAttained(InitReactorRunner.java:85)
	at org.jvnet.hudson.reactor.ReactorListener$Aggregator.lambda$onAttained$3(ReactorListener.java:102)
	at org.jvnet.hudson.reactor.ReactorListener$Aggregator.run(ReactorListener.java:109)
	at org.jvnet.hudson.reactor.ReactorListener$Aggregator.onAttained(ReactorListener.java:102)
	at org.jvnet.hudson.reactor.Reactor$1.run(Reactor.java:177)
	at org.jvnet.hudson.reactor.Reactor$Node.run(Reactor.java:117)
	at jenkins.security.ImpersonatingExecutorService$1.run(ImpersonatingExecutorService.java:68)
	at java.base/java.util.concurrent.ThreadPoolExecutor.runWorker(ThreadPoolExecutor.java:1128)
	at java.base/java.util.concurrent.ThreadPoolExecutor$Worker.run(ThreadPoolExecutor.java:628)
	at java.base/java.lang.Thread.run(Thread.java:834)
Caused by: java.lang.ClassNotFoundException: org.acegisecurity.ldap.LdapDataAccessException
	at jenkins.util.AntClassLoader.findClassInComponents(AntClassLoader.java:1387)
	at jenkins.util.AntClassLoader.findClass(AntClassLoader.java:1342)
	at jenkins.util.AntClassLoader.loadClass(AntClassLoader.java:1089)
	at java.base/java.lang.ClassLoader.loadClass(ClassLoader.java:521)
	... 18 more

déc. 17, 2020 6:03:21 PM hudson.ExtensionFinder$GuiceFinder$SezpozModule configure
WARNING: Failed to load hudson.security.LDAPSecurityRealm$DescriptorImpl
java.lang.NoClassDefFoundError: org/acegisecurity/ldap/LdapDataAccessException
	at java.base/java.lang.Class.getDeclaredConstructors0(Native Method)
	at java.base/java.lang.Class.privateGetDeclaredConstructors(Class.java:3138)
	at java.base/java.lang.Class.getDeclaredConstructors(Class.java:2358)
	at hudson.ExtensionFinder$GuiceFinder$SezpozModule.resolve(ExtensionFinder.java:501)
	at hudson.ExtensionFinder$GuiceFinder$SezpozModule.resolve(ExtensionFinder.java:482)
	at hudson.ExtensionFinder$GuiceFinder$SezpozModule.configure(ExtensionFinder.java:531)
	at com.google.inject.AbstractModule.configure(AbstractModule.java:62)
	at com.google.inject.spi.Elements$RecordingBinder.install(Elements.java:340)
	at com.google.inject.spi.Elements.getElements(Elements.java:110)
	at com.google.inject.internal.InjectorShell$Builder.build(InjectorShell.java:138)
	at com.google.inject.internal.InternalInjectorCreator.build(InternalInjectorCreator.java:104)
	at com.google.inject.Guice.createInjector(Guice.java:96)
	at com.google.inject.Guice.createInjector(Guice.java:73)
	at hudson.ExtensionFinder$GuiceFinder.<init>(ExtensionFinder.java:285)
	at java.base/jdk.internal.reflect.NativeConstructorAccessorImpl.newInstance0(Native Method)
	at java.base/jdk.internal.reflect.NativeConstructorAccessorImpl.newInstance(NativeConstructorAccessorImpl.java:62)
	at java.base/jdk.internal.reflect.DelegatingConstructorAccessorImpl.newInstance(DelegatingConstructorAccessorImpl.java:45)
	at java.base/java.lang.reflect.Constructor.newInstance(Constructor.java:490)
	at java.base/java.lang.Class.newInstance(Class.java:584)
	at net.java.sezpoz.IndexItem.instance(IndexItem.java:181)
	at hudson.ExtensionFinder$Sezpoz._find(ExtensionFinder.java:709)
	at hudson.ExtensionFinder$Sezpoz.find(ExtensionFinder.java:695)
	at hudson.ClassicPluginStrategy.findComponents(ClassicPluginStrategy.java:346)
	at hudson.ExtensionList.load(ExtensionList.java:381)
	at hudson.ExtensionList.ensureLoaded(ExtensionList.java:317)
	at hudson.ExtensionList.getComponents(ExtensionList.java:183)
	at jenkins.model.Jenkins$6.onInitMilestoneAttained(Jenkins.java:1159)
	at jenkins.InitReactorRunner$1.onAttained(InitReactorRunner.java:85)
	at org.jvnet.hudson.reactor.ReactorListener$Aggregator.lambda$onAttained$3(ReactorListener.java:102)
	at org.jvnet.hudson.reactor.ReactorListener$Aggregator.run(ReactorListener.java:109)
	at org.jvnet.hudson.reactor.ReactorListener$Aggregator.onAttained(ReactorListener.java:102)
	at org.jvnet.hudson.reactor.Reactor$1.run(Reactor.java:177)
	at org.jvnet.hudson.reactor.Reactor$Node.run(Reactor.java:117)
	at jenkins.security.ImpersonatingExecutorService$1.run(ImpersonatingExecutorService.java:68)
	at java.base/java.util.concurrent.ThreadPoolExecutor.runWorker(ThreadPoolExecutor.java:1128)
	at java.base/java.util.concurrent.ThreadPoolExecutor$Worker.run(ThreadPoolExecutor.java:628)
	at java.base/java.lang.Thread.run(Thread.java:834)
Caused by: java.lang.ClassNotFoundException: org.acegisecurity.ldap.LdapDataAccessException
	at jenkins.util.AntClassLoader.findClassInComponents(AntClassLoader.java:1387)
	at jenkins.util.AntClassLoader.findClass(AntClassLoader.java:1342)
	at jenkins.util.AntClassLoader.loadClass(AntClassLoader.java:1089)
	at java.base/java.lang.ClassLoader.loadClass(ClassLoader.java:521)
	... 37 more

déc. 17, 2020 6:03:23 PM jenkins.InitReactorRunner$1 onAttained
INFO: Prepared all plugins
déc. 17, 2020 6:03:23 PM jenkins.InitReactorRunner$1 onAttained
INFO: Started all plugins
déc. 17, 2020 6:03:26 PM hudson.ExtensionFinder$GuiceFinder$FaultTolerantScope$1 error
WARNING: Failed to instantiate Key[type=jenkins.security.plugins.ldap.FromGroupSearchLDAPGroupMembershipStrategy$DescriptorImpl, annotation=[none]]; skipping this component
com.google.inject.ProvisionException: Unable to provision, see the following errors:

1) Error injecting constructor, java.lang.NoClassDefFoundError: org/acegisecurity/ldap/LdapEntryMapper
  at jenkins.security.plugins.ldap.FromGroupSearchLDAPGroupMembershipStrategy$DescriptorImpl.<init>(FromGroupSearchLDAPGroupMembershipStrategy.java:92)

1 error
	at com.google.inject.internal.ProviderToInternalFactoryAdapter.get(ProviderToInternalFactoryAdapter.java:52)
	at com.google.inject.internal.SingletonScope$1.get(SingletonScope.java:145)
	at hudson.ExtensionFinder$GuiceFinder$FaultTolerantScope$1.get(ExtensionFinder.java:440)
	at com.google.inject.internal.InternalFactoryToProviderAdapter.get(InternalFactoryToProviderAdapter.java:41)
	at com.google.inject.internal.InjectorImpl$2$1.call(InjectorImpl.java:1016)
	at com.google.inject.internal.InjectorImpl.callInContext(InjectorImpl.java:1092)
	at com.google.inject.internal.InjectorImpl$2.get(InjectorImpl.java:1012)
	at hudson.ExtensionFinder$GuiceFinder._find(ExtensionFinder.java:402)
	at hudson.ExtensionFinder$GuiceFinder.find(ExtensionFinder.java:393)
	at hudson.ClassicPluginStrategy.findComponents(ClassicPluginStrategy.java:346)
	at hudson.ExtensionList.load(ExtensionList.java:381)
	at hudson.ExtensionList.ensureLoaded(ExtensionList.java:317)
	at hudson.ExtensionList.iterator(ExtensionList.java:172)
	at jenkins.model.Jenkins.getDescriptorByType(Jenkins.java:1605)
	at hudson.plugins.git.GitSCM.onLoaded(GitSCM.java:1902)
	at java.base/jdk.internal.reflect.NativeMethodAccessorImpl.invoke0(Native Method)
	at java.base/jdk.internal.reflect.NativeMethodAccessorImpl.invoke(NativeMethodAccessorImpl.java:62)
	at java.base/jdk.internal.reflect.DelegatingMethodAccessorImpl.invoke(DelegatingMethodAccessorImpl.java:43)
	at java.base/java.lang.reflect.Method.invoke(Method.java:566)
	at hudson.init.TaskMethodFinder.invoke(TaskMethodFinder.java:104)
	at hudson.init.TaskMethodFinder$TaskImpl.run(TaskMethodFinder.java:175)
	at org.jvnet.hudson.reactor.Reactor.runTask(Reactor.java:296)
	at jenkins.model.Jenkins$5.runTask(Jenkins.java:1129)
	at org.jvnet.hudson.reactor.Reactor$2.run(Reactor.java:214)
	at org.jvnet.hudson.reactor.Reactor$Node.run(Reactor.java:117)
	at jenkins.security.ImpersonatingExecutorService$1.run(ImpersonatingExecutorService.java:68)
	at java.base/java.util.concurrent.ThreadPoolExecutor.runWorker(ThreadPoolExecutor.java:1128)
	at java.base/java.util.concurrent.ThreadPoolExecutor$Worker.run(ThreadPoolExecutor.java:628)
	at java.base/java.lang.Thread.run(Thread.java:834)
Caused by: java.lang.NoClassDefFoundError: org/acegisecurity/ldap/LdapEntryMapper
	at java.base/java.lang.ClassLoader.defineClass1(Native Method)
	at java.base/java.lang.ClassLoader.defineClass(ClassLoader.java:1016)
	at jenkins.util.AntClassLoader.defineClassFromData(AntClassLoader.java:1155)
	at hudson.ClassicPluginStrategy$AntClassLoader2.defineClassFromData(ClassicPluginStrategy.java:715)
	at jenkins.util.AntClassLoader.getClassFromStream(AntClassLoader.java:1326)
	at jenkins.util.AntClassLoader.findClassInComponents(AntClassLoader.java:1377)
	at jenkins.util.AntClassLoader.findClass(AntClassLoader.java:1342)
	at jenkins.util.AntClassLoader.loadClass(AntClassLoader.java:1089)
	at java.base/java.lang.ClassLoader.loadClass(ClassLoader.java:521)
	at java.base/java.lang.Class.getDeclaringClass0(Native Method)
	at java.base/java.lang.Class.getEnclosingClass(Class.java:1518)
	at hudson.model.Descriptor.<init>(Descriptor.java:278)
	at jenkins.security.plugins.ldap.LDAPGroupMembershipStrategyDescriptor.<init>(LDAPGroupMembershipStrategyDescriptor.java:32)
	at jenkins.security.plugins.ldap.FromGroupSearchLDAPGroupMembershipStrategy$DescriptorImpl.<init>(FromGroupSearchLDAPGroupMembershipStrategy.java:92)
	at jenkins.security.plugins.ldap.FromGroupSearchLDAPGroupMembershipStrategy$DescriptorImpl$$FastClassByGuice$$5ae48b0c.newInstance(<generated>)
	at com.google.inject.internal.cglib.reflect.$FastConstructor.newInstance(FastConstructor.java:40)
	at com.google.inject.internal.DefaultConstructionProxyFactory$1.newInstance(DefaultConstructionProxyFactory.java:61)
	at com.google.inject.internal.ConstructorInjector.provision(ConstructorInjector.java:105)
	at com.google.inject.internal.ConstructorInjector.access$000(ConstructorInjector.java:32)
	at com.google.inject.internal.ConstructorInjector$1.call(ConstructorInjector.java:89)
	at com.google.inject.internal.ProvisionListenerStackCallback$Provision.provision(ProvisionListenerStackCallback.java:115)
	at hudson.ExtensionFinder$GuiceFinder$SezpozModule.onProvision(ExtensionFinder.java:572)
	at com.google.inject.internal.ProvisionListenerStackCallback$Provision.provision(ProvisionListenerStackCallback.java:126)
	at com.google.inject.internal.ProvisionListenerStackCallback.provision(ProvisionListenerStackCallback.java:68)
	at com.google.inject.internal.ConstructorInjector.construct(ConstructorInjector.java:87)
	at com.google.inject.internal.ConstructorBindingImpl$Factory.get(ConstructorBindingImpl.java:267)
	at com.google.inject.internal.ProviderToInternalFactoryAdapter$1.call(ProviderToInternalFactoryAdapter.java:46)
	at com.google.inject.internal.InjectorImpl.callInContext(InjectorImpl.java:1103)
	at com.google.inject.internal.ProviderToInternalFactoryAdapter.get(ProviderToInternalFactoryAdapter.java:40)
	... 28 more
Caused by: java.lang.ClassNotFoundException: org.acegisecurity.ldap.LdapEntryMapper
	at jenkins.util.AntClassLoader.findClassInComponents(AntClassLoader.java:1387)
	at jenkins.util.AntClassLoader.findClass(AntClassLoader.java:1342)
	at jenkins.util.AntClassLoader.loadClass(AntClassLoader.java:1089)
	at java.base/java.lang.ClassLoader.loadClass(ClassLoader.java:521)
	... 57 more

déc. 17, 2020 6:03:26 PM hudson.ExtensionFinder$GuiceFinder$FaultTolerantScope$1 error
WARNING: Failed to instantiate Key[type=jenkins.security.plugins.ldap.FromUserRecordLDAPGroupMembershipStrategy$DescriptorImpl, annotation=[none]]; skipping this component
com.google.inject.ProvisionException: Unable to provision, see the following errors:

1) Error injecting constructor, java.lang.NoClassDefFoundError: org/acegisecurity/ldap/LdapEntryMapper
  at jenkins.security.plugins.ldap.FromUserRecordLDAPGroupMembershipStrategy$DescriptorImpl.<init>(FromUserRecordLDAPGroupMembershipStrategy.java:144)

1 error
	at com.google.inject.internal.ProviderToInternalFactoryAdapter.get(ProviderToInternalFactoryAdapter.java:52)
	at com.google.inject.internal.SingletonScope$1.get(SingletonScope.java:145)
	at hudson.ExtensionFinder$GuiceFinder$FaultTolerantScope$1.get(ExtensionFinder.java:440)
	at com.google.inject.internal.InternalFactoryToProviderAdapter.get(InternalFactoryToProviderAdapter.java:41)
	at com.google.inject.internal.InjectorImpl$2$1.call(InjectorImpl.java:1016)
	at com.google.inject.internal.InjectorImpl.callInContext(InjectorImpl.java:1092)
	at com.google.inject.internal.InjectorImpl$2.get(InjectorImpl.java:1012)
	at hudson.ExtensionFinder$GuiceFinder._find(ExtensionFinder.java:402)
	at hudson.ExtensionFinder$GuiceFinder.find(ExtensionFinder.java:393)
	at hudson.ClassicPluginStrategy.findComponents(ClassicPluginStrategy.java:346)
	at hudson.ExtensionList.load(ExtensionList.java:381)
	at hudson.ExtensionList.ensureLoaded(ExtensionList.java:317)
	at hudson.ExtensionList.iterator(ExtensionList.java:172)
	at jenkins.model.Jenkins.getDescriptorByType(Jenkins.java:1605)
	at hudson.plugins.git.GitSCM.onLoaded(GitSCM.java:1902)
	at java.base/jdk.internal.reflect.NativeMethodAccessorImpl.invoke0(Native Method)
	at java.base/jdk.internal.reflect.NativeMethodAccessorImpl.invoke(NativeMethodAccessorImpl.java:62)
	at java.base/jdk.internal.reflect.DelegatingMethodAccessorImpl.invoke(DelegatingMethodAccessorImpl.java:43)
	at java.base/java.lang.reflect.Method.invoke(Method.java:566)
	at hudson.init.TaskMethodFinder.invoke(TaskMethodFinder.java:104)
	at hudson.init.TaskMethodFinder$TaskImpl.run(TaskMethodFinder.java:175)
	at org.jvnet.hudson.reactor.Reactor.runTask(Reactor.java:296)
	at jenkins.model.Jenkins$5.runTask(Jenkins.java:1129)
	at org.jvnet.hudson.reactor.Reactor$2.run(Reactor.java:214)
	at org.jvnet.hudson.reactor.Reactor$Node.run(Reactor.java:117)
	at jenkins.security.ImpersonatingExecutorService$1.run(ImpersonatingExecutorService.java:68)
	at java.base/java.util.concurrent.ThreadPoolExecutor.runWorker(ThreadPoolExecutor.java:1128)
	at java.base/java.util.concurrent.ThreadPoolExecutor$Worker.run(ThreadPoolExecutor.java:628)
	at java.base/java.lang.Thread.run(Thread.java:834)
Caused by: java.lang.NoClassDefFoundError: org/acegisecurity/ldap/LdapEntryMapper
	at java.base/java.lang.Class.getDeclaredMethods0(Native Method)
	at java.base/java.lang.Class.privateGetDeclaredMethods(Class.java:3167)
	at java.base/java.lang.Class.getMethodsRecursive(Class.java:3308)
	at java.base/java.lang.Class.getMethod0(Class.java:3294)
	at java.base/java.lang.Class.getMethod(Class.java:2107)
	at hudson.model.Descriptor.<init>(Descriptor.java:295)
	at jenkins.security.plugins.ldap.LDAPGroupMembershipStrategyDescriptor.<init>(LDAPGroupMembershipStrategyDescriptor.java:32)
	at jenkins.security.plugins.ldap.FromUserRecordLDAPGroupMembershipStrategy$DescriptorImpl.<init>(FromUserRecordLDAPGroupMembershipStrategy.java:144)
	at jenkins.security.plugins.ldap.FromUserRecordLDAPGroupMembershipStrategy$DescriptorImpl$$FastClassByGuice$$ae335d3b.newInstance(<generated>)
	at com.google.inject.internal.cglib.reflect.$FastConstructor.newInstance(FastConstructor.java:40)
	at com.google.inject.internal.DefaultConstructionProxyFactory$1.newInstance(DefaultConstructionProxyFactory.java:61)
	at com.google.inject.internal.ConstructorInjector.provision(ConstructorInjector.java:105)
	at com.google.inject.internal.ConstructorInjector.access$000(ConstructorInjector.java:32)
	at com.google.inject.internal.ConstructorInjector$1.call(ConstructorInjector.java:89)
	at com.google.inject.internal.ProvisionListenerStackCallback$Provision.provision(ProvisionListenerStackCallback.java:115)
	at hudson.ExtensionFinder$GuiceFinder$SezpozModule.onProvision(ExtensionFinder.java:572)
	at com.google.inject.internal.ProvisionListenerStackCallback$Provision.provision(ProvisionListenerStackCallback.java:126)
	at com.google.inject.internal.ProvisionListenerStackCallback.provision(ProvisionListenerStackCallback.java:68)
	at com.google.inject.internal.ConstructorInjector.construct(ConstructorInjector.java:87)
	at com.google.inject.internal.ConstructorBindingImpl$Factory.get(ConstructorBindingImpl.java:267)
	at com.google.inject.internal.ProviderToInternalFactoryAdapter$1.call(ProviderToInternalFactoryAdapter.java:46)
	at com.google.inject.internal.InjectorImpl.callInContext(InjectorImpl.java:1103)
	at com.google.inject.internal.ProviderToInternalFactoryAdapter.get(ProviderToInternalFactoryAdapter.java:40)
	... 28 more
Caused by: java.lang.ClassNotFoundException: org.acegisecurity.ldap.LdapEntryMapper
	at jenkins.util.AntClassLoader.findClassInComponents(AntClassLoader.java:1387)
	at jenkins.util.AntClassLoader.findClass(AntClassLoader.java:1342)
	at jenkins.util.AntClassLoader.loadClass(AntClassLoader.java:1089)
	at java.base/java.lang.ClassLoader.loadClass(ClassLoader.java:521)
	... 51 more

déc. 17, 2020 6:03:26 PM hudson.ExtensionFinder$GuiceFinder$FaultTolerantScope$1 error
WARNING: Failed to instantiate Key[type=jenkins.security.plugins.ldap.LDAPConfiguration$LDAPConfigurationDescriptor, annotation=[none]]; skipping this component
com.google.inject.ProvisionException: Unable to provision, see the following errors:

1) Error injecting constructor, java.lang.NoClassDefFoundError: org/acegisecurity/ldap/LdapTemplate
  at jenkins.security.plugins.ldap.LDAPConfiguration$LDAPConfigurationDescriptor.<init>(LDAPConfiguration.java:392)

1 error
	at com.google.inject.internal.ProviderToInternalFactoryAdapter.get(ProviderToInternalFactoryAdapter.java:52)
	at com.google.inject.internal.SingletonScope$1.get(SingletonScope.java:145)
	at hudson.ExtensionFinder$GuiceFinder$FaultTolerantScope$1.get(ExtensionFinder.java:440)
	at com.google.inject.internal.InternalFactoryToProviderAdapter.get(InternalFactoryToProviderAdapter.java:41)
	at com.google.inject.internal.InjectorImpl$2$1.call(InjectorImpl.java:1016)
	at com.google.inject.internal.InjectorImpl.callInContext(InjectorImpl.java:1092)
	at com.google.inject.internal.InjectorImpl$2.get(InjectorImpl.java:1012)
	at hudson.ExtensionFinder$GuiceFinder._find(ExtensionFinder.java:402)
	at hudson.ExtensionFinder$GuiceFinder.find(ExtensionFinder.java:393)
	at hudson.ClassicPluginStrategy.findComponents(ClassicPluginStrategy.java:346)
	at hudson.ExtensionList.load(ExtensionList.java:381)
	at hudson.ExtensionList.ensureLoaded(ExtensionList.java:317)
	at hudson.ExtensionList.iterator(ExtensionList.java:172)
	at jenkins.model.Jenkins.getDescriptorByType(Jenkins.java:1605)
	at hudson.plugins.git.GitSCM.onLoaded(GitSCM.java:1902)
	at java.base/jdk.internal.reflect.NativeMethodAccessorImpl.invoke0(Native Method)
	at java.base/jdk.internal.reflect.NativeMethodAccessorImpl.invoke(NativeMethodAccessorImpl.java:62)
	at java.base/jdk.internal.reflect.DelegatingMethodAccessorImpl.invoke(DelegatingMethodAccessorImpl.java:43)
	at java.base/java.lang.reflect.Method.invoke(Method.java:566)
	at hudson.init.TaskMethodFinder.invoke(TaskMethodFinder.java:104)
	at hudson.init.TaskMethodFinder$TaskImpl.run(TaskMethodFinder.java:175)
	at org.jvnet.hudson.reactor.Reactor.runTask(Reactor.java:296)
	at jenkins.model.Jenkins$5.runTask(Jenkins.java:1129)
	at org.jvnet.hudson.reactor.Reactor$2.run(Reactor.java:214)
	at org.jvnet.hudson.reactor.Reactor$Node.run(Reactor.java:117)
	at jenkins.security.ImpersonatingExecutorService$1.run(ImpersonatingExecutorService.java:68)
	at java.base/java.util.concurrent.ThreadPoolExecutor.runWorker(ThreadPoolExecutor.java:1128)
	at java.base/java.util.concurrent.ThreadPoolExecutor$Worker.run(ThreadPoolExecutor.java:628)
	at java.base/java.lang.Thread.run(Thread.java:834)
Caused by: java.lang.NoClassDefFoundError: org/acegisecurity/ldap/LdapTemplate
	at java.base/java.lang.ClassLoader.defineClass1(Native Method)
	at java.base/java.lang.ClassLoader.defineClass(ClassLoader.java:1016)
	at jenkins.util.AntClassLoader.defineClassFromData(AntClassLoader.java:1155)
	at hudson.ClassicPluginStrategy$AntClassLoader2.defineClassFromData(ClassicPluginStrategy.java:715)
	at jenkins.util.AntClassLoader.getClassFromStream(AntClassLoader.java:1326)
	at jenkins.util.AntClassLoader.findClassInComponents(AntClassLoader.java:1377)
	at jenkins.util.AntClassLoader.findClass(AntClassLoader.java:1342)
	at jenkins.util.AntClassLoader.loadClass(AntClassLoader.java:1089)
	at java.base/java.lang.ClassLoader.loadClass(ClassLoader.java:521)
	at java.base/java.lang.Class.getDeclaredMethods0(Native Method)
	at java.base/java.lang.Class.privateGetDeclaredMethods(Class.java:3167)
	at java.base/java.lang.Class.getMethodsRecursive(Class.java:3308)
	at java.base/java.lang.Class.getMethod0(Class.java:3294)
	at java.base/java.lang.Class.getMethod(Class.java:2107)
	at hudson.model.Descriptor.<init>(Descriptor.java:295)
	at jenkins.security.plugins.ldap.LDAPConfiguration$LDAPConfigurationDescriptor.<init>(LDAPConfiguration.java:392)
	at jenkins.security.plugins.ldap.LDAPConfiguration$LDAPConfigurationDescriptor$$FastClassByGuice$$e6c56406.newInstance(<generated>)
	at com.google.inject.internal.cglib.reflect.$FastConstructor.newInstance(FastConstructor.java:40)
	at com.google.inject.internal.DefaultConstructionProxyFactory$1.newInstance(DefaultConstructionProxyFactory.java:61)
	at com.google.inject.internal.ConstructorInjector.provision(ConstructorInjector.java:105)
	at com.google.inject.internal.ConstructorInjector.access$000(ConstructorInjector.java:32)
	at com.google.inject.internal.ConstructorInjector$1.call(ConstructorInjector.java:89)
	at com.google.inject.internal.ProvisionListenerStackCallback$Provision.provision(ProvisionListenerStackCallback.java:115)
	at hudson.ExtensionFinder$GuiceFinder$SezpozModule.onProvision(ExtensionFinder.java:572)
	at com.google.inject.internal.ProvisionListenerStackCallback$Provision.provision(ProvisionListenerStackCallback.java:126)
	at com.google.inject.internal.ProvisionListenerStackCallback.provision(ProvisionListenerStackCallback.java:68)
	at com.google.inject.internal.ConstructorInjector.construct(ConstructorInjector.java:87)
	at com.google.inject.internal.ConstructorBindingImpl$Factory.get(ConstructorBindingImpl.java:267)
	at com.google.inject.internal.ProviderToInternalFactoryAdapter$1.call(ProviderToInternalFactoryAdapter.java:46)
	at com.google.inject.internal.InjectorImpl.callInContext(InjectorImpl.java:1103)
	at com.google.inject.internal.ProviderToInternalFactoryAdapter.get(ProviderToInternalFactoryAdapter.java:40)
	... 28 more
Caused by: java.lang.ClassNotFoundException: org.acegisecurity.ldap.LdapTemplate
	at jenkins.util.AntClassLoader.findClassInComponents(AntClassLoader.java:1387)
	at jenkins.util.AntClassLoader.findClass(AntClassLoader.java:1342)
	at jenkins.util.AntClassLoader.loadClass(AntClassLoader.java:1089)
	at java.base/java.lang.ClassLoader.loadClass(ClassLoader.java:521)
	... 59 more

déc. 17, 2020 6:03:27 PM jenkins.InitReactorRunner$1 onAttained
INFO: Augmented all extensions
déc. 17, 2020 6:03:27 PM jenkins.InitReactorRunner$1 onAttained
INFO: System config loaded
déc. 17, 2020 6:03:27 PM jenkins.InitReactorRunner$1 onAttained
INFO: System config adapted
déc. 17, 2020 6:03:27 PM jenkins.InitReactorRunner$1 onAttained
INFO: Loaded all jobs
déc. 17, 2020 6:03:27 PM jenkins.InitReactorRunner$1 onAttained
INFO: Configuration for all jobs updated
déc. 17, 2020 6:03:27 PM hudson.model.AsyncPeriodicWork lambda$doRun$0
INFO: Started Download metadata
déc. 17, 2020 6:03:27 PM jenkins.InitReactorRunner$1 onAttained
INFO: Completed initialization
déc. 17, 2020 6:03:28 PM hudson.WebAppMain$3 run
INFO: Jenkins is fully up and running
déc. 17, 2020 6:03:28 PM hudson.model.AsyncPeriodicWork lambda$doRun$0
INFO: Finished Download metadata. 336 ms
déc. 17, 2020 9:09:56 PM org.apache.catalina.startup.VersionLoggerListener log
INFOS: Nom version serveur :              Apache Tomcat/7.0.107
déc. 17, 2020 9:09:56 PM org.apache.catalina.startup.VersionLoggerListener log
INFOS: Serveur compilé :                  Nov 18 2020 12:18:55 UTC
déc. 17, 2020 9:09:56 PM org.apache.catalina.startup.VersionLoggerListener log
INFOS: Version du serveur :               7.0.107.0
déc. 17, 2020 9:09:56 PM org.apache.catalina.startup.VersionLoggerListener log
INFOS: Nom de l'OS :                      Windows 10
déc. 17, 2020 9:09:56 PM org.apache.catalina.startup.VersionLoggerListener log
INFOS: Version OS :                       10.0
déc. 17, 2020 9:09:56 PM org.apache.catalina.startup.VersionLoggerListener log
INFOS: Architecture :                     amd64
déc. 17, 2020 9:09:56 PM org.apache.catalina.startup.VersionLoggerListener log
INFOS: Java Home :                        C:\Program Files\Java\jdk1.8.0_261\jre
déc. 17, 2020 9:09:56 PM org.apache.catalina.startup.VersionLoggerListener log
INFOS: Version JVM :                      1.8.0_261-b12
déc. 17, 2020 9:09:56 PM org.apache.catalina.startup.VersionLoggerListener log
INFOS: Fournisseur de la JVM :            Oracle Corporation
déc. 17, 2020 9:09:56 PM org.apache.catalina.startup.VersionLoggerListener log
INFOS: CATALINA_BASE :                    C:\Users\33614\Documents\EPSI\MSPR\Preudhomme\pizza-spring\apache-tomcat-7.0.107
déc. 17, 2020 9:09:56 PM org.apache.catalina.startup.VersionLoggerListener log
INFOS: CATALINA_HOME :                    C:\Users\33614\Documents\EPSI\MSPR\Preudhomme\pizza-spring\apache-tomcat-7.0.107
déc. 17, 2020 9:09:56 PM org.apache.catalina.startup.VersionLoggerListener log
INFOS: Argument de la ligne de commande : -Djava.util.logging.config.file=C:\Users\33614\Documents\EPSI\MSPR\Preudhomme\pizza-spring\apache-tomcat-7.0.107\conf\logging.properties
déc. 17, 2020 9:09:56 PM org.apache.catalina.startup.VersionLoggerListener log
INFOS: Argument de la ligne de commande : -Djava.util.logging.manager=org.apache.juli.ClassLoaderLogManager
déc. 17, 2020 9:09:56 PM org.apache.catalina.startup.VersionLoggerListener log
INFOS: Argument de la ligne de commande : -Djdk.tls.ephemeralDHKeySize=2048
déc. 17, 2020 9:09:56 PM org.apache.catalina.startup.VersionLoggerListener log
INFOS: Argument de la ligne de commande : -Dignore.endorsed.dirs=
déc. 17, 2020 9:09:56 PM org.apache.catalina.startup.VersionLoggerListener log
INFOS: Argument de la ligne de commande : -Dcatalina.base=C:\Users\33614\Documents\EPSI\MSPR\Preudhomme\pizza-spring\apache-tomcat-7.0.107
déc. 17, 2020 9:09:56 PM org.apache.catalina.startup.VersionLoggerListener log
INFOS: Argument de la ligne de commande : -Dcatalina.home=C:\Users\33614\Documents\EPSI\MSPR\Preudhomme\pizza-spring\apache-tomcat-7.0.107
déc. 17, 2020 9:09:56 PM org.apache.catalina.startup.VersionLoggerListener log
INFOS: Argument de la ligne de commande : -Djava.io.tmpdir=C:\Users\33614\Documents\EPSI\MSPR\Preudhomme\pizza-spring\apache-tomcat-7.0.107\temp
déc. 17, 2020 9:09:56 PM org.apache.catalina.core.AprLifecycleListener lifecycleEvent
INFOS: Chargement de la librairie Apache Tomcat Native [1.2.25] en utilisant APR version [1.7.0]
déc. 17, 2020 9:09:56 PM org.apache.catalina.core.AprLifecycleListener lifecycleEvent
INFOS: Fonctionnalités d'APR : IPv6 [true], sendfile [true], accept filters [false], random [true]
déc. 17, 2020 9:09:56 PM org.apache.catalina.core.AprLifecycleListener initializeSSL
INFOS: OpenSSL a été initialisé avec succès [OpenSSL 1.1.1g  21 Apr 2020]
déc. 17, 2020 9:09:56 PM org.apache.coyote.AbstractProtocol init
INFOS: Initialisation du gestionnaire de protocole ["http-apr-8080"]
déc. 17, 2020 9:09:56 PM org.apache.catalina.startup.Catalina load
INFOS: Initialization processed in 863 ms
déc. 17, 2020 9:09:56 PM org.apache.catalina.core.StandardService startInternal
INFOS: Démarrage du service [Catalina]
déc. 17, 2020 9:09:56 PM org.apache.catalina.core.StandardEngine startInternal
INFOS: Starting Servlet Engine: Apache Tomcat/7.0.107
déc. 17, 2020 9:09:56 PM org.apache.catalina.startup.HostConfig deployWAR
INFOS: Déploiement de l'archive [C:\Users\33614\Documents\EPSI\MSPR\Preudhomme\pizza-spring\apache-tomcat-7.0.107\webapps\jenkins.war] de l'application web
déc. 17, 2020 9:09:56 PM org.apache.catalina.deploy.WebXml setVersion
AVERTISSEMENT: Unknown version string [3.1]. Default version will be used.
déc. 17, 2020 9:10:00 PM org.apache.catalina.startup.ContextConfig validateSecurityRoles
AVERTISSEMENT: Le nom de rôle de sécurité [**] est utilisé dans un <auth-constraint> sans avoir été défini dans <security-role>
déc. 17, 2020 9:10:00 PM org.apache.catalina.startup.TldConfig execute
INFOS: At least one JAR was scanned for TLDs yet contained no TLDs. Enable debug logging for this logger for a complete list of JARs that were scanned but no TLDs were found in them. Skipping unneeded JARs during scanning can improve startup time and JSP compilation time.
déc. 17, 2020 9:10:00 PM hudson.WebAppMain contextInitialized
INFOS: Jenkins home directory: C:\Users\33614\.jenkins found at: $user.home/.jenkins
déc. 17, 2020 9:10:01 PM org.apache.catalina.startup.HostConfig deployWAR
INFOS: Le déploiement de l'archive de l'application web [C:\Users\33614\Documents\EPSI\MSPR\Preudhomme\pizza-spring\apache-tomcat-7.0.107\webapps\jenkins.war] s'est terminé en [4 696] ms
déc. 17, 2020 9:10:01 PM org.apache.catalina.startup.HostConfig deployDirectory
INFOS: Déploiement du répertoire d'application web [C:\Users\33614\Documents\EPSI\MSPR\Preudhomme\pizza-spring\apache-tomcat-7.0.107\webapps\docs]
déc. 17, 2020 9:10:01 PM org.apache.catalina.startup.HostConfig deployDirectory
INFOS: Le déploiement du répertoire [C:\Users\33614\Documents\EPSI\MSPR\Preudhomme\pizza-spring\apache-tomcat-7.0.107\webapps\docs] de l'application web s'est terminé en [65] ms
déc. 17, 2020 9:10:01 PM org.apache.catalina.startup.HostConfig deployDirectory
INFOS: Déploiement du répertoire d'application web [C:\Users\33614\Documents\EPSI\MSPR\Preudhomme\pizza-spring\apache-tomcat-7.0.107\webapps\examples]
déc. 17, 2020 9:10:01 PM org.apache.catalina.startup.HostConfig deployDirectory
INFOS: Le déploiement du répertoire [C:\Users\33614\Documents\EPSI\MSPR\Preudhomme\pizza-spring\apache-tomcat-7.0.107\webapps\examples] de l'application web s'est terminé en [338] ms
déc. 17, 2020 9:10:01 PM org.apache.catalina.startup.HostConfig deployDirectory
INFOS: Déploiement du répertoire d'application web [C:\Users\33614\Documents\EPSI\MSPR\Preudhomme\pizza-spring\apache-tomcat-7.0.107\webapps\host-manager]
déc. 17, 2020 9:10:01 PM org.apache.catalina.startup.HostConfig deployDirectory
INFOS: Le déploiement du répertoire [C:\Users\33614\Documents\EPSI\MSPR\Preudhomme\pizza-spring\apache-tomcat-7.0.107\webapps\host-manager] de l'application web s'est terminé en [76] ms
déc. 17, 2020 9:10:01 PM org.apache.catalina.startup.HostConfig deployDirectory
INFOS: Déploiement du répertoire d'application web [C:\Users\33614\Documents\EPSI\MSPR\Preudhomme\pizza-spring\apache-tomcat-7.0.107\webapps\manager]
déc. 17, 2020 9:10:01 PM org.apache.catalina.startup.HostConfig deployDirectory
INFOS: Le déploiement du répertoire [C:\Users\33614\Documents\EPSI\MSPR\Preudhomme\pizza-spring\apache-tomcat-7.0.107\webapps\manager] de l'application web s'est terminé en [72] ms
déc. 17, 2020 9:10:01 PM org.apache.catalina.startup.HostConfig deployDirectory
INFOS: Déploiement du répertoire d'application web [C:\Users\33614\Documents\EPSI\MSPR\Preudhomme\pizza-spring\apache-tomcat-7.0.107\webapps\ROOT]
déc. 17, 2020 9:10:01 PM org.apache.catalina.startup.HostConfig deployDirectory
INFOS: Le déploiement du répertoire [C:\Users\33614\Documents\EPSI\MSPR\Preudhomme\pizza-spring\apache-tomcat-7.0.107\webapps\ROOT] de l'application web s'est terminé en [52] ms
déc. 17, 2020 9:10:01 PM org.apache.coyote.AbstractProtocol start
INFOS: Démarrage du gestionnaire de protocole ["http-apr-8080"]
déc. 17, 2020 9:10:01 PM org.apache.catalina.startup.Catalina start
INFOS: Server startup in 5403 ms
déc. 17, 2020 9:10:02 PM jenkins.InitReactorRunner$1 onAttained
INFOS: Started initialization
déc. 17, 2020 9:10:02 PM hudson.PluginManager loadDetachedPlugins
INFOS: Upgrading Jenkins. The last running version was 2.263.1. This Jenkins is version 2.270.
déc. 17, 2020 9:10:02 PM hudson.PluginManager loadDetachedPlugins
INFOS: Upgraded Jenkins from version 2.263.1 to version 2.270. Loaded detached plugins (and dependencies): []
déc. 17, 2020 9:10:03 PM jenkins.InitReactorRunner$1 onAttained
INFOS: Listed all plugins
déc. 17, 2020 9:10:09 PM jenkins.InitReactorRunner$1 onAttained
INFOS: Prepared all plugins
déc. 17, 2020 9:10:09 PM jenkins.InitReactorRunner$1 onAttained
INFOS: Started all plugins
déc. 17, 2020 9:10:11 PM jenkins.InitReactorRunner$1 onAttained
INFOS: Augmented all extensions
déc. 17, 2020 9:10:11 PM jenkins.InitReactorRunner$1 onAttained
INFOS: System config loaded
déc. 17, 2020 9:10:11 PM jenkins.InitReactorRunner$1 onAttained
INFOS: System config adapted
déc. 17, 2020 9:10:11 PM jenkins.InitReactorRunner$1 onAttained
INFOS: Loaded all jobs
déc. 17, 2020 9:10:11 PM jenkins.InitReactorRunner$1 onAttained
INFOS: Configuration for all jobs updated
déc. 17, 2020 9:10:11 PM hudson.model.AsyncPeriodicWork lambda$doRun$0
INFOS: Started Download metadata
déc. 17, 2020 9:10:11 PM hudson.util.Retrier start
INFOS: Attempt #1 to do the action check updates server
déc. 17, 2020 9:10:11 PM jenkins.InitReactorRunner$1 onAttained
INFOS: Completed initialization
déc. 17, 2020 9:10:11 PM hudson.WebAppMain$3 run
INFOS: Jenkins is fully up and running
déc. 17, 2020 9:10:23 PM hudson.model.DownloadService$Downloadable load
INFOS: Obtained the updated data file for hudson.tasks.Maven.MavenInstaller
déc. 17, 2020 9:10:23 PM hudson.model.DownloadService$Downloadable load
INFOS: Obtained the updated data file for hudson.tasks.Ant.AntInstaller
déc. 17, 2020 9:10:23 PM hudson.model.DownloadService$Downloadable load
INFOS: Obtained the updated data file for hudson.plugins.gradle.GradleInstaller
déc. 17, 2020 9:10:25 PM hudson.model.DownloadService$Downloadable load
INFOS: Obtained the updated data file for hudson.tools.JDKInstaller
déc. 17, 2020 9:10:25 PM hudson.util.Retrier start
INFOS: Performed the action check updates server successfully at the attempt #1
déc. 17, 2020 9:10:25 PM hudson.model.AsyncPeriodicWork lambda$doRun$0
INFOS: Finished Download metadata. 14 222 ms
déc. 17, 2020 10:09:58 PM hudson.model.AsyncPeriodicWork lambda$doRun$0
INFOS: Started Periodic background build discarder
déc. 17, 2020 10:09:58 PM hudson.model.AsyncPeriodicWork lambda$doRun$0
INFOS: Finished Periodic background build discarder. 40 ms
déc. 17, 2020 10:22:10 PM org.apache.catalina.core.StandardServer await
INFOS: Une commande d'arrêt valide a été reçue sur le port d'arrêt, arrêt de l'instance du serveur
déc. 17, 2020 10:22:10 PM org.apache.coyote.AbstractProtocol pause
INFOS: Le gestionnaire de protocole ["http-apr-8080"] est mis en pause
déc. 17, 2020 10:22:10 PM org.apache.catalina.core.StandardService stopInternal
INFOS: Arrêt du service [Catalina]
déc. 17, 2020 10:22:10 PM jenkins.model.Jenkins cleanUp
INFOS: Stopping Jenkins
déc. 17, 2020 10:22:10 PM jenkins.model.Jenkins$18 onAttained
INFOS: Started termination
déc. 17, 2020 10:22:10 PM jenkins.model.Jenkins$18 onAttained
INFOS: Completed termination
déc. 17, 2020 10:22:10 PM jenkins.model.Jenkins _cleanUpDisconnectComputers
INFOS: Starting node disconnection
déc. 17, 2020 10:22:10 PM jenkins.model.Jenkins _cleanUpShutdownPluginManager
INFOS: Stopping plugin manager
déc. 17, 2020 10:22:11 PM jenkins.model.Jenkins _cleanUpPersistQueue
INFOS: Persisting build queue
déc. 17, 2020 10:22:11 PM jenkins.model.Jenkins _cleanUpAwaitDisconnects
INFOS: Waiting for node disconnection completion
déc. 17, 2020 10:22:11 PM jenkins.model.Jenkins cleanUp
INFOS: Jenkins stopped
déc. 17, 2020 10:22:11 PM org.apache.catalina.loader.WebappClassLoaderBase clearReferencesThreads
GRAVE: The web application [/jenkins] appears to have started a thread named [Computer.threadPoolForRemoting [#2]] but has failed to stop it. This is very likely to create a memory leak.
déc. 17, 2020 10:22:11 PM org.apache.catalina.loader.WebappClassLoaderBase clearReferencesThreads
GRAVE: The web application [/jenkins] appears to have started a thread named [Computer.threadPoolForRemoting [#3]] but has failed to stop it. This is very likely to create a memory leak.
déc. 17, 2020 10:22:11 PM org.apache.catalina.loader.WebappClassLoaderBase clearReferencesThreads
GRAVE: The web application [/jenkins] appears to have started a thread named [Timeout.interruptions [#1]] but has failed to stop it. This is very likely to create a memory leak.
déc. 17, 2020 10:22:11 PM org.apache.catalina.loader.WebappClassLoaderBase checkThreadLocalMapForLeaks
GRAVE: L'application web [/jenkins] a crée un ThreadLocal avec une clé de type [java.lang.ThreadLocal] (valeur [java.lang.ThreadLocal@338adbc8]) et une valeur de type [org.springframework.security.core.context.SecurityContextImpl] (valeur [SecurityContextImpl [Null authentication]]) mais ne l'a pas supprimé lorsqu'elle a été arrêtée, les threads seront graduellement renouvelés pour éviter une probable fuite de mémoire
déc. 17, 2020 10:22:11 PM org.apache.catalina.loader.WebappClassLoaderBase checkThreadLocalMapForLeaks
GRAVE: L'application web [/jenkins] a crée un ThreadLocal avec une clé de type [java.lang.ThreadLocal] (valeur [java.lang.ThreadLocal@338adbc8]) et une valeur de type [org.springframework.security.core.context.SecurityContextImpl] (valeur [SecurityContextImpl [Null authentication]]) mais ne l'a pas supprimé lorsqu'elle a été arrêtée, les threads seront graduellement renouvelés pour éviter une probable fuite de mémoire
déc. 17, 2020 10:22:11 PM org.apache.catalina.loader.WebappClassLoaderBase checkThreadLocalMapForLeaks
GRAVE: L'application web [/jenkins] a crée un ThreadLocal avec une clé de type [java.lang.ThreadLocal] (valeur [java.lang.ThreadLocal@338adbc8]) et une valeur de type [org.springframework.security.core.context.SecurityContextImpl] (valeur [SecurityContextImpl [Null authentication]]) mais ne l'a pas supprimé lorsqu'elle a été arrêtée, les threads seront graduellement renouvelés pour éviter une probable fuite de mémoire
déc. 17, 2020 10:22:11 PM org.apache.coyote.AbstractProtocol stop
INFOS: Arrêt du gestionnaire de protocole ["http-apr-8080"]
déc. 17, 2020 10:22:11 PM org.apache.coyote.AbstractProtocol destroy
INFOS: Destruction du gestionnaire de protocole ["http-apr-8080"]
déc. 17, 2020 10:22:16 PM org.apache.catalina.startup.VersionLoggerListener log
INFOS: Nom version serveur :              Apache Tomcat/7.0.107
déc. 17, 2020 10:22:16 PM org.apache.catalina.startup.VersionLoggerListener log
INFOS: Serveur compilé :                  Nov 18 2020 12:18:55 UTC
déc. 17, 2020 10:22:16 PM org.apache.catalina.startup.VersionLoggerListener log
INFOS: Version du serveur :               7.0.107.0
déc. 17, 2020 10:22:16 PM org.apache.catalina.startup.VersionLoggerListener log
INFOS: Nom de l'OS :                      Windows 10
déc. 17, 2020 10:22:16 PM org.apache.catalina.startup.VersionLoggerListener log
INFOS: Version OS :                       10.0
déc. 17, 2020 10:22:16 PM org.apache.catalina.startup.VersionLoggerListener log
INFOS: Architecture :                     amd64
déc. 17, 2020 10:22:16 PM org.apache.catalina.startup.VersionLoggerListener log
INFOS: Java Home :                        C:\Program Files\Java\jdk1.8.0_261\jre
déc. 17, 2020 10:22:16 PM org.apache.catalina.startup.VersionLoggerListener log
INFOS: Version JVM :                      1.8.0_261-b12
déc. 17, 2020 10:22:16 PM org.apache.catalina.startup.VersionLoggerListener log
INFOS: Fournisseur de la JVM :            Oracle Corporation
déc. 17, 2020 10:22:16 PM org.apache.catalina.startup.VersionLoggerListener log
INFOS: CATALINA_BASE :                    C:\Users\33614\Documents\EPSI\MSPR\Preudhomme\pizza-spring\apache-tomcat-7.0.107
déc. 17, 2020 10:22:16 PM org.apache.catalina.startup.VersionLoggerListener log
INFOS: CATALINA_HOME :                    C:\Users\33614\Documents\EPSI\MSPR\Preudhomme\pizza-spring\apache-tomcat-7.0.107
déc. 17, 2020 10:22:16 PM org.apache.catalina.startup.VersionLoggerListener log
INFOS: Argument de la ligne de commande : -Djava.util.logging.config.file=C:\Users\33614\Documents\EPSI\MSPR\Preudhomme\pizza-spring\apache-tomcat-7.0.107\conf\logging.properties
déc. 17, 2020 10:22:16 PM org.apache.catalina.startup.VersionLoggerListener log
INFOS: Argument de la ligne de commande : -Djava.util.logging.manager=org.apache.juli.ClassLoaderLogManager
déc. 17, 2020 10:22:16 PM org.apache.catalina.startup.VersionLoggerListener log
INFOS: Argument de la ligne de commande : -Djdk.tls.ephemeralDHKeySize=2048
déc. 17, 2020 10:22:16 PM org.apache.catalina.startup.VersionLoggerListener log
INFOS: Argument de la ligne de commande : -Dignore.endorsed.dirs=
déc. 17, 2020 10:22:16 PM org.apache.catalina.startup.VersionLoggerListener log
INFOS: Argument de la ligne de commande : -Dcatalina.base=C:\Users\33614\Documents\EPSI\MSPR\Preudhomme\pizza-spring\apache-tomcat-7.0.107
déc. 17, 2020 10:22:16 PM org.apache.catalina.startup.VersionLoggerListener log
INFOS: Argument de la ligne de commande : -Dcatalina.home=C:\Users\33614\Documents\EPSI\MSPR\Preudhomme\pizza-spring\apache-tomcat-7.0.107
déc. 17, 2020 10:22:16 PM org.apache.catalina.startup.VersionLoggerListener log
INFOS: Argument de la ligne de commande : -Djava.io.tmpdir=C:\Users\33614\Documents\EPSI\MSPR\Preudhomme\pizza-spring\apache-tomcat-7.0.107\temp
déc. 17, 2020 10:22:16 PM org.apache.catalina.core.AprLifecycleListener lifecycleEvent
INFOS: Chargement de la librairie Apache Tomcat Native [1.2.25] en utilisant APR version [1.7.0]
déc. 17, 2020 10:22:16 PM org.apache.catalina.core.AprLifecycleListener lifecycleEvent
INFOS: Fonctionnalités d'APR : IPv6 [true], sendfile [true], accept filters [false], random [true]
déc. 17, 2020 10:22:16 PM org.apache.catalina.core.AprLifecycleListener initializeSSL
INFOS: OpenSSL a été initialisé avec succès [OpenSSL 1.1.1g  21 Apr 2020]
déc. 17, 2020 10:22:17 PM org.apache.coyote.AbstractProtocol init
INFOS: Initialisation du gestionnaire de protocole ["http-apr-8080"]
déc. 17, 2020 10:22:17 PM org.apache.catalina.startup.Catalina load
INFOS: Initialization processed in 926 ms
déc. 17, 2020 10:22:17 PM org.apache.catalina.core.StandardService startInternal
INFOS: Démarrage du service [Catalina]
déc. 17, 2020 10:22:17 PM org.apache.catalina.core.StandardEngine startInternal
INFOS: Starting Servlet Engine: Apache Tomcat/7.0.107
déc. 17, 2020 10:22:17 PM org.apache.catalina.startup.HostConfig deployWAR
INFOS: Déploiement de l'archive [C:\Users\33614\Documents\EPSI\MSPR\Preudhomme\pizza-spring\apache-tomcat-7.0.107\webapps\jenkins.war] de l'application web
déc. 17, 2020 10:22:17 PM org.apache.catalina.deploy.WebXml setVersion
AVERTISSEMENT: Unknown version string [3.1]. Default version will be used.
déc. 17, 2020 10:22:21 PM org.apache.catalina.startup.ContextConfig validateSecurityRoles
AVERTISSEMENT: Le nom de rôle de sécurité [**] est utilisé dans un <auth-constraint> sans avoir été défini dans <security-role>
déc. 17, 2020 10:22:21 PM org.apache.catalina.startup.TldConfig execute
INFOS: At least one JAR was scanned for TLDs yet contained no TLDs. Enable debug logging for this logger for a complete list of JARs that were scanned but no TLDs were found in them. Skipping unneeded JARs during scanning can improve startup time and JSP compilation time.
déc. 17, 2020 10:22:22 PM hudson.WebAppMain contextInitialized
INFOS: Jenkins home directory: C:\Users\33614\.jenkins found at: $user.home/.jenkins
déc. 17, 2020 10:22:22 PM org.apache.catalina.startup.HostConfig deployWAR
INFOS: Le déploiement de l'archive de l'application web [C:\Users\33614\Documents\EPSI\MSPR\Preudhomme\pizza-spring\apache-tomcat-7.0.107\webapps\jenkins.war] s'est terminé en [5 274] ms
déc. 17, 2020 10:22:22 PM org.apache.catalina.startup.HostConfig deployDirectory
INFOS: Déploiement du répertoire d'application web [C:\Users\33614\Documents\EPSI\MSPR\Preudhomme\pizza-spring\apache-tomcat-7.0.107\webapps\docs]
déc. 17, 2020 10:22:22 PM org.apache.catalina.startup.HostConfig deployDirectory
INFOS: Le déploiement du répertoire [C:\Users\33614\Documents\EPSI\MSPR\Preudhomme\pizza-spring\apache-tomcat-7.0.107\webapps\docs] de l'application web s'est terminé en [74] ms
déc. 17, 2020 10:22:22 PM org.apache.catalina.startup.HostConfig deployDirectory
INFOS: Déploiement du répertoire d'application web [C:\Users\33614\Documents\EPSI\MSPR\Preudhomme\pizza-spring\apache-tomcat-7.0.107\webapps\examples]
déc. 17, 2020 10:22:23 PM org.apache.catalina.startup.HostConfig deployDirectory
INFOS: Le déploiement du répertoire [C:\Users\33614\Documents\EPSI\MSPR\Preudhomme\pizza-spring\apache-tomcat-7.0.107\webapps\examples] de l'application web s'est terminé en [518] ms
déc. 17, 2020 10:22:23 PM org.apache.catalina.startup.HostConfig deployDirectory
INFOS: Déploiement du répertoire d'application web [C:\Users\33614\Documents\EPSI\MSPR\Preudhomme\pizza-spring\apache-tomcat-7.0.107\webapps\host-manager]
déc. 17, 2020 10:22:23 PM org.apache.catalina.startup.HostConfig deployDirectory
INFOS: Le déploiement du répertoire [C:\Users\33614\Documents\EPSI\MSPR\Preudhomme\pizza-spring\apache-tomcat-7.0.107\webapps\host-manager] de l'application web s'est terminé en [79] ms
déc. 17, 2020 10:22:23 PM org.apache.catalina.startup.HostConfig deployDirectory
INFOS: Déploiement du répertoire d'application web [C:\Users\33614\Documents\EPSI\MSPR\Preudhomme\pizza-spring\apache-tomcat-7.0.107\webapps\manager]
déc. 17, 2020 10:22:23 PM org.apache.catalina.startup.HostConfig deployDirectory
INFOS: Le déploiement du répertoire [C:\Users\33614\Documents\EPSI\MSPR\Preudhomme\pizza-spring\apache-tomcat-7.0.107\webapps\manager] de l'application web s'est terminé en [76] ms
déc. 17, 2020 10:22:23 PM org.apache.catalina.startup.HostConfig deployDirectory
INFOS: Déploiement du répertoire d'application web [C:\Users\33614\Documents\EPSI\MSPR\Preudhomme\pizza-spring\apache-tomcat-7.0.107\webapps\ROOT]
déc. 17, 2020 10:22:23 PM org.apache.catalina.startup.HostConfig deployDirectory
INFOS: Le déploiement du répertoire [C:\Users\33614\Documents\EPSI\MSPR\Preudhomme\pizza-spring\apache-tomcat-7.0.107\webapps\ROOT] de l'application web s'est terminé en [61] ms
déc. 17, 2020 10:22:23 PM org.apache.coyote.AbstractProtocol start
INFOS: Démarrage du gestionnaire de protocole ["http-apr-8080"]
déc. 17, 2020 10:22:23 PM org.apache.catalina.startup.Catalina start
INFOS: Server startup in 6201 ms
déc. 17, 2020 10:22:24 PM jenkins.InitReactorRunner$1 onAttained
INFOS: Started initialization
déc. 17, 2020 10:22:25 PM jenkins.InitReactorRunner$1 onAttained
INFOS: Listed all plugins
déc. 17, 2020 10:22:35 PM jenkins.InitReactorRunner$1 onAttained
INFOS: Prepared all plugins
déc. 17, 2020 10:22:35 PM jenkins.InitReactorRunner$1 onAttained
INFOS: Started all plugins
déc. 17, 2020 10:22:37 PM jenkins.InitReactorRunner$1 onAttained
INFOS: Augmented all extensions
déc. 17, 2020 10:22:37 PM jenkins.InitReactorRunner$1 onAttained
INFOS: System config loaded
déc. 17, 2020 10:22:37 PM jenkins.InitReactorRunner$1 onAttained
INFOS: System config adapted
déc. 17, 2020 10:22:37 PM jenkins.InitReactorRunner$1 onAttained
INFOS: Loaded all jobs
déc. 17, 2020 10:22:37 PM jenkins.InitReactorRunner$1 onAttained
INFOS: Configuration for all jobs updated
déc. 17, 2020 10:22:38 PM hudson.model.AsyncPeriodicWork lambda$doRun$0
INFOS: Started Download metadata
déc. 17, 2020 10:22:38 PM hudson.model.AsyncPeriodicWork lambda$doRun$0
INFOS: Finished Download metadata. 11 ms
déc. 17, 2020 10:22:38 PM jenkins.InitReactorRunner$1 onAttained
INFOS: Completed initialization
déc. 17, 2020 10:22:38 PM hudson.WebAppMain$3 run
INFOS: Jenkins is fully up and running
déc. 17, 2020 10:22:41 PM org.apache.catalina.core.StandardServer await
INFOS: Une commande d'arrêt valide a été reçue sur le port d'arrêt, arrêt de l'instance du serveur
déc. 17, 2020 10:22:41 PM org.apache.coyote.AbstractProtocol pause
INFOS: Le gestionnaire de protocole ["http-apr-8080"] est mis en pause
déc. 17, 2020 10:22:41 PM org.apache.catalina.core.StandardService stopInternal
INFOS: Arrêt du service [Catalina]
déc. 17, 2020 10:22:41 PM jenkins.model.Jenkins cleanUp
INFOS: Stopping Jenkins
déc. 17, 2020 10:22:41 PM jenkins.model.Jenkins$18 onAttained
INFOS: Started termination
déc. 17, 2020 10:22:42 PM jenkins.model.Jenkins$18 onAttained
INFOS: Completed termination
déc. 17, 2020 10:22:42 PM jenkins.model.Jenkins _cleanUpDisconnectComputers
INFOS: Starting node disconnection
déc. 17, 2020 10:22:42 PM jenkins.model.Jenkins _cleanUpShutdownPluginManager
INFOS: Stopping plugin manager
déc. 17, 2020 10:22:42 PM jenkins.model.Jenkins _cleanUpPersistQueue
INFOS: Persisting build queue
déc. 17, 2020 10:22:42 PM jenkins.model.Jenkins _cleanUpAwaitDisconnects
INFOS: Waiting for node disconnection completion
déc. 17, 2020 10:22:42 PM jenkins.model.Jenkins cleanUp
INFOS: Jenkins stopped
déc. 17, 2020 10:22:42 PM org.apache.catalina.loader.WebappClassLoaderBase clearReferencesThreads
GRAVE: The web application [/jenkins] appears to have started a thread named [Computer.threadPoolForRemoting [#1]] but has failed to stop it. This is very likely to create a memory leak.
déc. 17, 2020 10:22:42 PM org.apache.catalina.loader.WebappClassLoaderBase clearReferencesThreads
GRAVE: The web application [/jenkins] appears to have started a thread named [Timeout.interruptions [#1]] but has failed to stop it. This is very likely to create a memory leak.
déc. 17, 2020 10:22:42 PM org.apache.catalina.loader.WebappClassLoaderBase clearReferencesThreads
GRAVE: The web application [/jenkins] appears to have started a thread named [Computer.threadPoolForRemoting [#2]] but has failed to stop it. This is very likely to create a memory leak.
déc. 17, 2020 10:22:42 PM org.apache.catalina.loader.WebappClassLoaderBase checkThreadLocalMapForLeaks
GRAVE: L'application web [/jenkins] a crée un ThreadLocal avec une clé de type [java.lang.ThreadLocal] (valeur [java.lang.ThreadLocal@4664d029]) et une valeur de type [org.springframework.security.core.context.SecurityContextImpl] (valeur [SecurityContextImpl [Null authentication]]) mais ne l'a pas supprimé lorsqu'elle a été arrêtée, les threads seront graduellement renouvelés pour éviter une probable fuite de mémoire
déc. 17, 2020 10:22:42 PM org.apache.catalina.loader.WebappClassLoaderBase checkThreadLocalMapForLeaks
GRAVE: L'application web [/jenkins] a crée un ThreadLocal avec une clé de type [java.lang.ThreadLocal] (valeur [java.lang.ThreadLocal@4664d029]) et une valeur de type [org.springframework.security.core.context.SecurityContextImpl] (valeur [SecurityContextImpl [Null authentication]]) mais ne l'a pas supprimé lorsqu'elle a été arrêtée, les threads seront graduellement renouvelés pour éviter une probable fuite de mémoire
déc. 17, 2020 10:22:42 PM org.apache.catalina.loader.WebappClassLoaderBase checkThreadLocalMapForLeaks
GRAVE: L'application web [/jenkins] a crée un ThreadLocal avec une clé de type [java.lang.ThreadLocal] (valeur [java.lang.ThreadLocal@4664d029]) et une valeur de type [org.springframework.security.core.context.SecurityContextImpl] (valeur [SecurityContextImpl [Null authentication]]) mais ne l'a pas supprimé lorsqu'elle a été arrêtée, les threads seront graduellement renouvelés pour éviter une probable fuite de mémoire
déc. 17, 2020 10:22:42 PM org.apache.coyote.AbstractProtocol stop
INFOS: Arrêt du gestionnaire de protocole ["http-apr-8080"]
déc. 17, 2020 10:22:42 PM org.apache.coyote.AbstractProtocol destroy
INFOS: Destruction du gestionnaire de protocole ["http-apr-8080"]
