déc. 17, 2020 4:59:58 PM org.apache.catalina.core.ApplicationContext log
INFO: No Spring WebApplicationInitializer types detected on classpath
déc. 17, 2020 5:00:07 PM org.apache.catalina.core.ApplicationContext log
INFO: ContextListener: contextInitialized()
déc. 17, 2020 5:00:07 PM org.apache.catalina.core.ApplicationContext log
INFO: SessionListener: contextInitialized()
déc. 17, 2020 5:00:07 PM org.apache.catalina.core.ApplicationContext log
INFO: ContextListener: attributeAdded('StockTicker', 'async.Stockticker@3964c5d5')
déc. 17, 2020 5:00:07 PM org.apache.catalina.core.ApplicationContext log
INFO: ContextListener: attributeAdded('org.apache.jasper.compiler.TldLocationsCache', 'org.apache.jasper.compiler.TldLocationsCache@65d8a603')
déc. 17, 2020 5:00:08 PM org.apache.catalina.core.ApplicationContext log
INFO: SessionListener: contextDestroyed()
déc. 17, 2020 5:00:08 PM org.apache.catalina.core.ApplicationContext log
INFO: ContextListener: contextDestroyed()
déc. 17, 2020 6:02:42 PM org.apache.catalina.core.ApplicationContext log
INFO: No Spring WebApplicationInitializer types detected on classpath
déc. 17, 2020 6:02:55 PM org.apache.catalina.core.ApplicationContext log
INFO: ContextListener: contextInitialized()
déc. 17, 2020 6:02:55 PM org.apache.catalina.core.ApplicationContext log
INFO: SessionListener: contextInitialized()
déc. 17, 2020 6:02:55 PM org.apache.catalina.core.ApplicationContext log
INFO: ContextListener: attributeAdded('StockTicker', 'async.Stockticker@76c043e1')
déc. 17, 2020 6:02:55 PM org.apache.catalina.core.ApplicationContext log
INFO: ContextListener: attributeAdded('org.apache.jasper.compiler.TldLocationsCache', 'org.apache.jasper.compiler.TldLocationsCache@51486a5a')
